
################################################################################
#
# This file has been generated by SpyGlass:
#     Report Name      : moresimple
#     Report Created by: xuemengyuan
#     Report Created on:  Tue Oct  8 16:09:01 2024
#     Working Directory: /home/xuemengyuan/try/cache_v1/icache/work/lint/workspace
#     Report Location  : /home/xuemengyuan/try/cache_v1/icache/work/lint/workspace/lint/icache_top/mygoal/spyglass_spysch/dw/SPY_PRECOMPILED_LIBS/dw_libs_all_compile_work/spyglass_reports/moresimple.rpt
#     SpyGlass Version : SpyGlass_vT-2022.06-1
#     Policy Name      : SpyGlass(SpyGlass_vT-2022.06-1)
#
#     Total Number of Generated Messages :          1
#     Number of Waived Messages          :          0
#     Number of Reported Messages        :          1
#     Number of Overlimit Messages       :          0
#
#
################################################################################

+++++++++++++++++++++++++++++++++++++++++++++++++++++++++++++++++++++++
MORESIMPLE REPORT:


############### BuiltIn -> RuleGroup=Design Read ###############
+++++++++++++++++++++++++++++++++++++++++++++++++++++++++++++++++++++++++++++++++++++++
ID       Rule             Alias            Severity    File                                                                                                                                                                                            Line    Wt    Message
======================================================================================
[0]      SortVhdlFiles    SortVhdlFiles    Info        /home/xuemengyuan/try/cache_v1/icache/work/lint/workspace/lint/icache_top/mygoal/spyglass_spysch/dw/SPY_PRECOMPILED_LIBS/dw_libs_all_compile_work/spyglass_reports/SpyGlass/sort_summary.rpt    0       2     VHDL files have been sorted by SpyGlass; Please refer file '/home/xuemengyuan/try/cache_v1/icache/work/lint/workspace/lint/icache_top/mygoal/spyglass_spysch/dw/SPY_PRECOMPILED_LIBS/dw_libs_all_compile_work/spyglass_reports/SpyGlass/sort_summary.rpt' for summary report
+++++++++++++++++++++++++++++++++++++++++++++++++++++++++++++++++++++++++++++++++++++++
