SpyGlass run started at 04:08:58 PM on Oct 08 2024 

SpyGlass Predictive Analyzer(R) - Version SpyGlass_vT-2022.06-1
Synopsys TestMAX(TM)
Last compiled on Jul 23 2022

All Rights Reserved. Use, disclosure or duplication
without prior written permission of Synopsys Inc. is prohibited.
Technical support: email spyglass_support@synopsys.com.


Running SpyGlass 64-bit Executable: /tools/software/synopsys/spyglass/T-2022.06-1/SPYGLASS_HOME/obj/check.Linux4

RULE-CHECKING IN VHDL MODE
Loading Policy: spyglass (Version: SpyGlass_vT-2022.06-1) from path: /tools/software/synopsys/spyglass/T-2022.06-1/SPYGLASS_HOME/policies/spyglass
Loading Shared library libspyglassrules-Linux4.spyso from /tools/software/synopsys/spyglass/T-2022.06-1/SPYGLASS_HOME/lib/libspyglassrules-Linux4.spyso 
Loading Shared library librmerules-Linux4.spyso from /tools/software/synopsys/spyglass/T-2022.06-1/SPYGLASS_HOME/lib/librmerules-Linux4.spyso 
##build_id : T-2022.06-1
##system   : Linux lserver 5.15.0-105-generic #115~20.04.1-Ubuntu SMP Mon Apr 15 17:33:04 UTC 2024 x86_64
##cwd      : /home/xuemengyuan/try/cache_v1/icache/work/lint/workspace
##lang     : VHDL
##args     : -mSpyGlass::Compatibility::v2_7_3 \
             -dw0 \
             -sort \
             -vhdl \
             -lib DW_LIBS_ALL /home/xuemengyuan/try/cache_v1/icache/work/lint/workspace/lint/icache_top/SPY_DW_WORK/SPY_PRECOMPILED_LIBS/DW_LIBS_ALL \
             -lib DWARE /home/xuemengyuan/try/cache_v1/icache/work/lint/workspace/lint/icache_top/SPY_DW_WORK/SPY_PRECOMPILED_LIBS/DWARE \
             -work 'DW_LIBS_ALL' \
             -noelab \
             -wdir '/home/xuemengyuan/try/cache_v1/icache/work/lint/workspace/lint/icache_top/mygoal/spyglass_spysch/dw/SPY_PRECOMPILED_LIBS/dw_libs_all_compile_work' \
             -batch \
             -norules \
             -policy='none' \
             -enable_pass_exit_codes \
             -disable_hdlin_synthesis_off_skip_text \
             -disable_hdlin_translate_off_skip_text \
             --autoenable_builtin_checks_policy 'none' \
             '/tools/software/synopsys/syn/T-2022.03-SP2/bin/../dw/dw02/src/DW02_components.vhd' \
             '/tools/software/synopsys/syn/T-2022.03-SP2/bin/../dw/dw01/src/DW01_components.vhd' \
             '/tools/software/synopsys/syn/T-2022.03-SP2/bin/../dw/dw03/src/DW03_components.vhd' \
             '/tools/software/synopsys/syn/T-2022.03-SP2/bin/../dw/dw04/src/DW04_components.vhd' \
             '/tools/software/synopsys/syn/T-2022.03-SP2/bin/../dw/dw06/src/DW06_components.vhd' \
             '/tools/software/synopsys/syn/T-2022.03-SP2/bin/../dw/dw05/src/DW05_components.vhd' \
             -64bit 
##verbosity level   : 2
##exact cmdline arg : -f /home/xuemengyuan/try/cache_v1/icache/work/lint/workspace/lint/icache_top/mygoal/spyglass_spysch/dw/SPY_PRECOMPILED_LIBS/spy_precompile_dw_all.f
##spyglass_run.csh begins :
;	cd /home/xuemengyuan/try/cache_v1/icache/work/lint/workspace
;	setenv ATRENTA_LICENSE_FILE 27020@localhost
;	setenv SPYGLASS_LD_PRELOAD /tools/software/synopsys/spyglass/T-2022.06-1/SPYGLASS_HOME/lib/libreplacemalloc.so
;	setenv SPYGLASS_DW_PATH /tools/software/synopsys/spyglass/T-2022.06-1/SPYGLASS_HOME/dw_support
;	/tools/software/synopsys/spyglass/T-2022.06-1/SPYGLASS_HOME/bin/spyglass  -f /home/xuemengyuan/try/cache_v1/icache/work/lint/workspace/lint/icache_top/mygoal/spyglass_spysch/dw/SPY_PRECOMPILED_LIBS/spy_precompile_dw_all.f
##spyglass_run.csh ends
##files    : /tools/software/synopsys/syn/T-2022.03-SP2/bin/../dw/dw02/src/DW02_components.vhd \
             /tools/software/synopsys/syn/T-2022.03-SP2/bin/../dw/dw01/src/DW01_components.vhd \
             /tools/software/synopsys/syn/T-2022.03-SP2/bin/../dw/dw03/src/DW03_components.vhd \
             /tools/software/synopsys/syn/T-2022.03-SP2/bin/../dw/dw04/src/DW04_components.vhd \
             /tools/software/synopsys/syn/T-2022.03-SP2/bin/../dw/dw06/src/DW06_components.vhd \
             /tools/software/synopsys/syn/T-2022.03-SP2/bin/../dw/dw05/src/DW05_components.vhd


INFO [75]    Creating the Work Directory '/home/xuemengyuan/try/cache_v1/icache/work/lint/workspace/lint/icache_top/SPY_DW_WORK/SPY_PRECOMPILED_LIBS/DW_LIBS_ALL/64' for 64bit  precompiled dump.
Checking Rule PrecompileLibCheck01 (Rule 1 of total 50) .... done (Time = 0.00s, Memory = 0.0K)
Checking Rule PrecompileLibCheck02 (Rule 2 of total 50) .... done (Time = 0.00s, Memory = 0.0K)
Checking Rule PrecompileLibCheck03 (Rule 3 of total 50) .... done (Time = 0.00s, Memory = 0.0K)
Checking Rule PrecompileLibCheck04 (Rule 4 of total 50) .... done (Time = 0.00s, Memory = 0.0K)
Checking Rule AbstractInterface (Rule 5 of total 50) .... done (Time = 0.00s, Memory = 0.0K)
Checking Rule SGDC_abstract_port06 (Rule 6 of total 50) .... done (Time = 0.00s, Memory = 0.0K)
Checking Rule SGDC_abstract_port14 (Rule 7 of total 50) .... done (Time = 0.00s, Memory = 0.0K)
Checking Rule SGDC_abstract_port15 (Rule 8 of total 50) .... done (Time = 0.01s, Memory = 8.0K)
Checking Rule SGDC_abstract_port18 (Rule 9 of total 50) .... done (Time = 0.00s, Memory = 8.0K)
Checking Rule CMD_ignorelibs01 (Rule 10 of total 50) .... done (Time = 0.00s, Memory = 0.0K)
Checking Rule ReportRuleNotRun (Rule 11 of total 50) .... done (Time = 0.00s, Memory = 0.0K)
##SGDEBUG [BENCHMARK_ABSOLUTE]: Analysis started: 0 sec, 2.57 sec, 209988 KB, 733172 KB
##SGDEBUG [BENCHMARK_INCR]: Analysis started: 0 sec, 2.57 sec, 209988 KB, 733172 KB
 Analyzing input file "/tools/software/synopsys/syn/T-2022.03-SP2/bin/../dw/dw02/src/DW02_components.vhd" ...
 Analyzing input file "/tools/software/synopsys/syn/T-2022.03-SP2/bin/../dw/dw01/src/DW01_components.vhd" ...
 Analyzing input file "/tools/software/synopsys/syn/T-2022.03-SP2/bin/../dw/dw03/src/DW03_components.vhd" ...
 Analyzing input file "/tools/software/synopsys/syn/T-2022.03-SP2/bin/../dw/dw04/src/DW04_components.vhd" ...
 Analyzing input file "/tools/software/synopsys/syn/T-2022.03-SP2/bin/../dw/dw06/src/DW06_components.vhd" ...
 Analyzing input file "/tools/software/synopsys/syn/T-2022.03-SP2/bin/../dw/dw05/src/DW05_components.vhd" ...
Checking Rule SortVhdlFiles (Rule 12 of total 50) .... done (Time = 0.00s, Memory = 0.0K)
##SGDEBUG [BENCHMARK_ABSOLUTE]: Analysis finished: 1 sec, 2.75 sec, 228628 KB, 744356 KB
##SGDEBUG [BENCHMARK_INCR]: Analysis finished: 1 sec, 0.18 sec, 18640 KB, 11184 KB
Checking Rule ReportCheckDataSummary (Rule 13 of total 50) .... done (Time = 0.00s, Memory = 0.0K)
-----------------------------------------------------------------------

0 Error(s), 0 Warning(s), 1 Rule violation(s).
Checking Rule ReportCheckDataSummary (Rule 13 of total 50) .... done (Time = 0.00s, Memory = 0.0K)

Generating data for Console...
##SGDEBUG [PEAK_VMSIZE_END_RULE]: 744408 KB for entire run at 'End of sparse attrib dump' stage
##SGDEBUG [PEAK_SWAP_MEMORY_END_RULE]: 0 KB for entire run
##SGDEBUG [VMPEAK_MEMORY]: 744408 KB for entire run
##SGDEBUG [PEAK_RSS_MEMORY]: 230388 KB for entire run
##SGDEBUG [BENCHMARK_ABSOLUTE]: Rule checking aborted: 1 sec, 2.78 sec, 227180 KB, 744408 KB
##SGDEBUG [BENCHMARK_INCR]: Rule checking aborted: 0 sec, 0.03 sec, -1448 KB, 52 KB


=====================================================================================
							Rule Parameter Table
=====================================================================================

	PARAMETER-NAME                                     VALUE                DEFAULT VALUE
-------------------------------------------------------------------------------------
=====================================================================================

##status : SpyGlass Analysis Complete ('noelab' option was used).

Generating moresimple report from '/home/xuemengyuan/try/cache_v1/icache/work/lint/workspace/lint/icache_top/mygoal/spyglass_spysch/dw/SPY_PRECOMPILED_LIBS/dw_libs_all_compile_work/spyglass.vdb' to '/home/xuemengyuan/try/cache_v1/icache/work/lint/workspace/lint/icache_top/mygoal/spyglass_spysch/dw/SPY_PRECOMPILED_LIBS/dw_libs_all_compile_work/spyglass_reports/moresimple.rpt' ....

Generating no_msg_reporting_rules report from '/home/xuemengyuan/try/cache_v1/icache/work/lint/workspace/lint/icache_top/mygoal/spyglass_spysch/dw/SPY_PRECOMPILED_LIBS/dw_libs_all_compile_work/spyglass.vdb' to '/home/xuemengyuan/try/cache_v1/icache/work/lint/workspace/lint/icache_top/mygoal/spyglass_spysch/dw/SPY_PRECOMPILED_LIBS/dw_libs_all_compile_work/spyglass_reports/no_msg_reporting_rules.rpt' ....

Policy specific data (reports) are present in the directory '/home/xuemengyuan/try/cache_v1/icache/work/lint/workspace/lint/icache_top/mygoal/spyglass_spysch/dw/SPY_PRECOMPILED_LIBS/dw_libs_all_compile_work/spyglass_reports'.

SpyGlass critical reports for the current run are present in directory '/home/xuemengyuan/try/cache_v1/icache/work/lint/workspace/lint/icache_top/mygoal/spyglass_spysch/dw/SPY_PRECOMPILED_LIBS/dw_libs_all_compile_work/consolidated_reports/'.

*****************************************************************************************

SpyGlass user interface, Atrenta Console, is available in this release which has become default GUI for SpyGlass.
It makes easier to setup and manage analysis runs, and facilitates more efficient
debug and analysis of design issues.

For more details please refer to the Atrenta Console User Guide.

****************************************************************************************

SpyGlass Exit Code 0 (Rule-checking completed without errors or warnings)
SpyGlass total run-time is 0:0:2 (2 secs)
SpyGlass run completed at 04:09:01 PM on Oct 08 2024
