################################################################################
#
# This file has been generated by SpyGlass:
#     Report Created by: xuemengyuan
#     Report Created on: Tue Oct  8 16:09:12 2024
#     Working Directory: /home/xuemengyuan/try/cache_v1/icache/work/lint/workspace
#     Report Location  : /home/xuemengyuan/try/cache_v1/icache/work/lint/workspace/lint/icache_top/mygoal/spyglass_reports/SpyGlass/sglib_version_summary.rpt
#     SpyGlass Version : SpyGlass_vT-2022.06-1
#     Policy Name      : SpyGlass(SpyGlass_vT-2022.06-1)
#     Comment          : Summary Report for details and status of SgLibs and enhancements done in SpyGlass Library Compiler releases.
#
################################################################################

++++++++++++++++++++++++++++++++++++++++++++++++++++++++++++++++++++++++++++++++
Details of sglib files present in this run
--------------------------------------------------------------------------------
 sglib         :  /home/xuemengyuan/try/cache_v1/icache/work/lint/workspace/lint/spyglass_cache/autogenerated_sglib/aggregate.sglib
 compiled with :  SpyGlass_vT-2022.06-1
 status        :  up-to-date
================================================================================

++++++++++++++++++++++++++++++++++++++++++++++++++++++++++++++++++++++++++++++++
--------------------------------------------------------------------------------
++++++++++++++++++++++++++++++++++++++++++++++++++++++++++++++++++++++++++++++++
