
Warning-[DEBUG_DEP] Option will be deprecated
  The option '-debug_all' will be deprecated in a future release.  Please use 
  '-debug_acc+all+dmptf -debug_region+cell+encrypt' instead.


Warning-[DBGACC_DBG] Multiple debug options being used
  The debug switches '-debug_access' and '-debug_all' are being used together.
  For better performance, consider using only '-debug_access'.

Command: vcs -sverilog -lca -kdb +v2k -debug_access+all -debug_all -full64 -timescale=1ns/1ns \
-l com.log -f /data/usr/xuemy/try/cache_v1/icache_v1_1008_release//icache_filelist.f \
-R +WAVE +testname=sanity
                         Chronologic VCS (TM)
         Version T-2022.06_Full64 -- Mon Dec 23 10:17:48 2024

                    Copyright (c) 1991 - 2022 Synopsys, Inc.
   This software and the associated documentation are proprietary to Synopsys,
 Inc. This software may only be used in accordance with the terms and conditions
 of a written license agreement with Synopsys, Inc. All other use, reproduction,
   or distribution of this software is strictly prohibited.  Licensed Products
     communicate with Synopsys servers for the purpose of providing software
    updates, detecting software piracy and verifying that customers are using
    Licensed Products in conformity with the applicable License Key for such
  Licensed Products. Synopsys will use information gathered in connection with
    this process to deliver software updates and pursue software pirates and
                                   infringers.

 Inclusivity & Diversity - Visit SolvNetPlus to read the "Synopsys Statement on
            Inclusivity and Diversity" (Refer to article 000036315 at
                        https://solvnetplus.synopsys.com)


Warning-[LCA_FEATURES_ENABLED] Usage warning
  LCA features enabled by '-lca' argument on the command line.  For more 
  information regarding list of LCA features please refer to Chapter "LCA 
  features" in the VCS Release Notes


Warning-[DEBUG_DEP] Option will be deprecated
  The option '-debug_all' will be deprecated in a future release.  Please use 
  '-debug_acc+all -debug_region+cell+encrypt' instead.

Parsing design file '/data/usr/xuemy/try/cache_v1/icache_v1_1008_release//rtl/toy_pack.sv'
Parsing design file '/data/usr/xuemy/try/cache_v1/icache_v1_1008_release//rtl/cmn_lead_one.sv'
Parsing design file '/data/usr/xuemy/try/cache_v1/icache_v1_1008_release//rtl/cmn_onehot2bin.sv'
Parsing design file '/data/usr/xuemy/try/cache_v1/icache_v1_1008_release//rtl/mem/toy_mem_model_bit.sv'
Parsing design file '/data/usr/xuemy/try/cache_v1/icache_v1_1008_release//rtl/icache_top.sv'
Parsing design file '/data/usr/xuemy/try/cache_v1/icache_v1_1008_release//rtl/cmn_onehot2bin2.sv'
Parsing design file '/data/usr/xuemy/try/cache_v1/icache_v1_1008_release//rtl/icache_req_arbiter.sv'
Parsing design file '/data/usr/xuemy/try/cache_v1/icache_v1_1008_release//rtl/icache_tag_array_ctrl.sv'
Parsing design file '/data/usr/xuemy/try/cache_v1/icache_v1_1008_release//rtl/icache_mshr_entry.sv'
Parsing design file '/data/usr/xuemy/try/cache_v1/icache_v1_1008_release//rtl/icache_mshr_file.sv'
Parsing design file '/data/usr/xuemy/try/cache_v1/icache_v1_1008_release//rtl/icache_data_array_ctrl.sv'
Parsing design file '/data/usr/xuemy/try/cache_v1/icache_v1_1008_release//rtl/pre_allocate.sv'
Parsing design file '/data/usr/xuemy/try/cache_v1/icache_v1_1008_release//rtl/vrp_arb.sv'
Parsing design file '/data/usr/xuemy/try/cache_v1/icache_v1_1008_release//rtl/v_en_decode.sv'
Parsing design file '/data/usr/xuemy/try/cache_v1/icache_v1_1008_release//rtl/cmn_real_mux_onehot.sv'
Parsing design file '/data/usr/xuemy/try/cache_v1/icache_v1_1008_release//rtl/arb_vrp.sv'
Parsing design file '/data/usr/xuemy/try/cache_v1/icache_v1_1008_release//rtl/arb_fp.sv'
Parsing design file '/data/usr/xuemy/try/cache_v1/icache_v1_1008_release//new_testbench/icache_cfg.sv'
Parsing design file '/data/usr/xuemy/try/cache_v1/icache_v1_1008_release//new_testbench/icache_ref_mem_model.sv'
Parsing design file '/data/usr/xuemy/try/cache_v1/icache_v1_1008_release//new_testbench/icache_up_component/icache_up_transaction.sv'

Warning-[SV-IIS] Illegal import statement.
/data/usr/xuemy/try/cache_v1/icache_v1_1008_release//new_testbench/icache_up_component/icache_up_transaction.sv, 2
$unit, "icache_up_transaction"
  There is an import statement directly within the class 
  icache_up_transaction. 
  Although this is allowed in this version of VCS, it is illegal according to 
  the SystemVerilog LRM and can result in unexpected behavior.  It will not be
  supported in future VCS releases.


Warning-[SV-IIS] Illegal import statement.
/data/usr/xuemy/try/cache_v1/icache_v1_1008_release//new_testbench/icache_up_component/icache_up_transaction.sv, 52
$unit, "pld_packet"
  There is an import statement directly within the class pld_packet. 
  Although this is allowed in this version of VCS, it is illegal according to 
  the SystemVerilog LRM and can result in unexpected behavior.  It will not be
  supported in future VCS releases.

Parsing design file '/data/usr/xuemy/try/cache_v1/icache_v1_1008_release//new_testbench/icache_up_component/icache_up_base_sequence.sv'

Warning-[SV-IIS] Illegal import statement.
/data/usr/xuemy/try/cache_v1/icache_v1_1008_release//new_testbench/icache_up_component/icache_up_base_sequence.sv, 2
$unit, "icache_up_base_sequence"
  There is an import statement directly within the class 
  icache_up_base_sequence. 
  Although this is allowed in this version of VCS, it is illegal according to 
  the SystemVerilog LRM and can result in unexpected behavior.  It will not be
  supported in future VCS releases.

Parsing design file '/data/usr/xuemy/try/cache_v1/icache_v1_1008_release//new_testbench/icache_up_component/icache_up_trace_sequence.sv'
Parsing design file '/data/usr/xuemy/try/cache_v1/icache_v1_1008_release//new_testbench/icache_up_component/icache_up_driver.sv'

Warning-[SV-IIS] Illegal import statement.
/data/usr/xuemy/try/cache_v1/icache_v1_1008_release//new_testbench/icache_up_component/icache_up_driver.sv, 2
$unit, "icache_upstream_driver"
  There is an import statement directly within the class 
  icache_upstream_driver. 
  Although this is allowed in this version of VCS, it is illegal according to 
  the SystemVerilog LRM and can result in unexpected behavior.  It will not be
  supported in future VCS releases.

Parsing design file '/data/usr/xuemy/try/cache_v1/icache_v1_1008_release//new_testbench/icache_up_component/icache_up_agent.sv'
Parsing design file '/data/usr/xuemy/try/cache_v1/icache_v1_1008_release//new_testbench/icache_down_component/icache_down_transaction.sv'

Warning-[SV-IIS] Illegal import statement.
/data/usr/xuemy/try/cache_v1/icache_v1_1008_release//new_testbench/icache_down_component/icache_down_transaction.sv, 2
$unit, "icache_down_transaction"
  There is an import statement directly within the class 
  icache_down_transaction. 
  Although this is allowed in this version of VCS, it is illegal according to 
  the SystemVerilog LRM and can result in unexpected behavior.  It will not be
  supported in future VCS releases.

Parsing design file '/data/usr/xuemy/try/cache_v1/icache_v1_1008_release//new_testbench/icache_down_component/icache_down_sequence.sv'
Parsing design file '/data/usr/xuemy/try/cache_v1/icache_v1_1008_release//new_testbench/icache_down_component/icache_down_driver.sv'

Warning-[SV-IIS] Illegal import statement.
/data/usr/xuemy/try/cache_v1/icache_v1_1008_release//new_testbench/icache_down_component/icache_down_driver.sv, 2
$unit, "icache_down_driver"
  There is an import statement directly within the class icache_down_driver. 
  Although this is allowed in this version of VCS, it is illegal according to 
  the SystemVerilog LRM and can result in unexpected behavior.  It will not be
  supported in future VCS releases.

Parsing design file '/data/usr/xuemy/try/cache_v1/icache_v1_1008_release//new_testbench/icache_down_component/icache_down_monitor.sv'

Warning-[SV-IIS] Illegal import statement.
/data/usr/xuemy/try/cache_v1/icache_v1_1008_release//new_testbench/icache_down_component/icache_down_monitor.sv, 2
$unit, "icache_down_monitor"
  There is an import statement directly within the class icache_down_monitor. 
  Although this is allowed in this version of VCS, it is illegal according to 
  the SystemVerilog LRM and can result in unexpected behavior.  It will not be
  supported in future VCS releases.

Parsing design file '/data/usr/xuemy/try/cache_v1/icache_v1_1008_release//new_testbench/icache_down_component/icache_down_agent.sv'
Parsing design file '/data/usr/xuemy/try/cache_v1/icache_v1_1008_release//new_testbench/scoreboard.sv'

Warning-[SV-IIS] Illegal import statement.
/data/usr/xuemy/try/cache_v1/icache_v1_1008_release//new_testbench/scoreboard.sv, 2
$unit, "icache_scoreboard"
  There is an import statement directly within the class icache_scoreboard. 
  Although this is allowed in this version of VCS, it is illegal according to 
  the SystemVerilog LRM and can result in unexpected behavior.  It will not be
  supported in future VCS releases.

Parsing design file '/data/usr/xuemy/try/cache_v1/icache_v1_1008_release//new_testbench/icache_interface.sv'
Parsing design file '/data/usr/xuemy/try/cache_v1/icache_v1_1008_release//new_testbench/icache_env.sv'
Parsing design file '/data/usr/xuemy/try/cache_v1/icache_v1_1008_release//new_testbench/test.sv'
Parsing design file '/data/usr/xuemy/try/cache_v1/icache_v1_1008_release//new_testbench/icache_tb_top.sv'
Top Level Modules:
       toy_mem_model_bit
       icache_tb_top
TimeScale is 1 ns / 1 ns

Warning-[TFIPC] Too few instance port connections
/data/usr/xuemy/try/cache_v1/icache_v1_1008_release//rtl/icache_top.sv, 133
icache_top, "icache_tag_array_ctrl u_icache_tag_array_ctrl( .clk (clk),  .rst_n (rst_n),  .dataram_rd_rdy (dataram_rd_rdy),  .tag_req_vld (tag_req_vld),  .tag_req_rdy (tag_req_rdy),  .tag_req_pld (tag_req_pld),  .tag_req_index (tag_req_idnex),  .tag_miss (tag_miss),  .tag_hit (tag_hit),  .tag_way0_hit (tag_way0_hit),  .tag_way1_hit (tag_way1_hit),  .lru_pick (lru_pick),  .mshr_update_en (mshr_update_en),  .mshr_update_pld (mshr_update_pld),  .pre_tag_req_vld (pre_tag_req_vld),  .pre_tag_req_pld (pre_tag_req_pld),  .cre_tag_req_vld (cre_tag_req_vld),  .entry_release_done_index (entry_release_done_index),  .v_linefill_done (v_linefill_done),  .v_hit_entry_done (v_hit_entry_done),  .index_way_checkpass (index_way_checkpass),  .v_mshr_entry_array (v_mshr_entry_array),   ... "
  The above instance has fewer port connections than the module definition.
  Please use '+lint=TFIPC-L' to print out detailed information of unconnected 
  ports.


Warning-[TFIPC] Too few instance port connections
/data/usr/xuemy/try/cache_v1/icache_v1_1008_release//rtl/icache_top.sv, 219
icache_top, "icache_data_array_ctrl u_data_array_ctrl( .clk (clk),  .rst_n (rst_n),  .dataram_rd_vld (dataram_rd_vld),  .dataram_rd_rdy (dataram_rd_rdy),  .dataram_rd_way (dataram_rd_way),  .dataram_rd_index (dataram_rd_index),  .dataram_rd_txnid (dataram_rd_txnid),  .mshr_entry_array_msg (v_mshr_entry_array),  .linefill_ack_entry_idx (linefill_ack_entry_idx),  .linefill_done (linefill_done),  .downstream_rxdat_vld (downstream_rxdat_vld),  .downstream_rxdat_rdy (downstream_rxdat_rdy),  .downstream_rxdat_pld (downstream_rxdat_pld),  .upstream_txdat_data (upstream_txdat_data),  .upstream_txdat_vld (upstream_txdat_vld),  .upstream_txdat_txnid (upstream_txdat_txnid));"
  The above instance has fewer port connections than the module definition.
  Please use '+lint=TFIPC-L' to print out detailed information of unconnected 
  ports.


Warning-[TFIPC] Too few instance port connections
/data/usr/xuemy/try/cache_v1/icache_v1_1008_release//new_testbench/icache_tb_top.sv, 6
icache_tb_top, "icache_up_if up_vif(clk);"
  The above instance has fewer port connections than the module definition.
  Please use '+lint=TFIPC-L' to print out detailed information of unconnected 
  ports.


Warning-[TFIPC] Too few instance port connections
/data/usr/xuemy/try/cache_v1/icache_v1_1008_release//new_testbench/icache_tb_top.sv, 7
icache_tb_top, "icache_down_if down_vif(clk);"
  The above instance has fewer port connections than the module definition.
  Please use '+lint=TFIPC-L' to print out detailed information of unconnected 
  ports.


Warning-[TFIPC] Too few instance port connections
/data/usr/xuemy/try/cache_v1/icache_v1_1008_release//new_testbench/icache_tb_top.sv, 30
icache_tb_top, "icache_top dut( .clk (clk),  .rst_n (rst_n),  .prefetch_enable (up_vif.prefetch_enable),  .upstream_txdat_data (up_vif.upstream_txdat_data),  .upstream_txdat_vld (up_vif.upstream_txdat_vld),  .upstream_txdat_txnid (up_vif.upstream_txdat_txnid),  .upstream_rxreq_vld (up_vif.upstream_rxreq_vld),  .upstream_rxreq_rdy (up_vif.upstream_rxreq_rdy),  .upstream_rxreq_pld (up_vif.upstream_rxreq_pld),  .downstream_rxsnp_vld (down_vif.downstream_rxsnp_vld),  .downstream_rxsnp_rdy (down_vif.downstream_rxsnp_rdy),  .downstream_rxsnp_pld (down_vif.downstream_rxsnp_pld),  .downstream_txreq_vld (down_vif.downstream_txreq_vld),  .downstream_txreq_rdy (down_vif.downstream_txreq_rdy),  .downstream_txreq_pld (down_vif.downstream_txreq_pld),  .downstream_txreq_entry_id (dow ... "
  The above instance has fewer port connections than the module definition.
  Please use '+lint=TFIPC-L' to print out detailed information of unconnected 
  ports.


Warning-[PCWM-W] Port connection width mismatch
/data/usr/xuemy/try/cache_v1/icache_v1_1008_release//rtl/icache_top.sv, 133
"icache_tag_array_ctrl u_icache_tag_array_ctrl( .clk (clk),  .rst_n (rst_n),  .dataram_rd_rdy (dataram_rd_rdy),  .tag_req_vld (tag_req_vld),  .tag_req_rdy (tag_req_rdy),  .tag_req_pld (tag_req_pld),  .tag_req_index (tag_req_idnex),  .tag_miss (tag_miss),  .tag_hit (tag_hit),  .tag_way0_hit (tag_way0_hit),  .tag_way1_hit (tag_way1_hit),  .lru_pick (lru_pick),  .mshr_update_en (mshr_update_en),  .mshr_update_pld (mshr_update_pld),  .pre_tag_req_vld (pre_tag_req_vld),  .pre_tag_req_pld (pre_tag_req_pld),  .cre_tag_req_vld (cre_tag_req_vld),  .entry_release_done_index (entry_release_done_index),  .v_linefill_done (v_linefill_done),  .v_hit_entry_done (v_hit_entry_done),  .index_way_checkpass (index_way_checkpass),  .v_mshr_entry_array (v_mshr_entry_array),   ... "
  The following 4-bit expression is connected to 5-bit port 
  "entry_release_done_index" of module "icache_tag_array_ctrl", instance 
  "u_icache_tag_array_ctrl".
  Expression: entry_release_done_index
  Instantiated module defined at: 
  "/data/usr/xuemy/try/cache_v1/icache_v1_1008_release//rtl/icache_tag_array_ctrl.sv",
  1
  Use +lint=PCWM for more details.


Warning-[PCWM-W] Port connection width mismatch
/data/usr/xuemy/try/cache_v1/icache_v1_1008_release//rtl/icache_top.sv, 164
"icache_mshr_file u_icache_mshr_file( .clk (clk),  .rst_n (rst_n),  .prefetch_enable (prefetch_enable),  .pre_tag_req_vld (pre_tag_req_vld),  .pre_tag_req_pld (pre_tag_req_pld),  .tag_hit (tag_hit),  .tag_way0_hit (tag_way0_hit),  .tag_way1_hit (tag_way1_hit),  .tag_miss (tag_miss),  .lru_pick (lru_pick),  .mshr_update_en (mshr_update_en),  .mshr_update_pld (mshr_update_pld),  .alloc_vld (alloc_vld),  .alloc_rdy (alloc_rdy),  .alloc_index (alloc_index),  .mshr_stall (mshr_stall),  .pref_to_mshr_req_rdy (pref_to_mshr_req_rdy),  .dataram_rd_vld (dataram_rd_vld),  .dataram_rd_rdy (dataram_rd_rdy),  .dataram_rd_way (dataram_rd_way),  .dataram_rd_index (dataram_rd_index),  .dataram_rd_txnid (dataram_rd_txnid),  .downstream_txreq_vld (downstream_txreq_vld),  . ... "
  The following 4-bit expression is connected to 5-bit port 
  "entry_release_done_index" of module "icache_mshr_file", instance 
  "u_icache_mshr_file".
  Expression: entry_release_done_index
  Instantiated module defined at: 
  "/data/usr/xuemy/try/cache_v1/icache_v1_1008_release//rtl/icache_mshr_file.sv",
  1
  Use +lint=PCWM for more details.


Warning-[PCWM-W] Port connection width mismatch
/data/usr/xuemy/try/cache_v1/icache_v1_1008_release//new_testbench/icache_tb_top.sv, 30
"icache_top dut( .clk (clk),  .rst_n (rst_n),  .prefetch_enable (icache_tb_top.up_vif.prefetch_enable),  .upstream_txdat_data (icache_tb_top.up_vif.upstream_txdat_data),  .upstream_txdat_vld (icache_tb_top.up_vif.upstream_txdat_vld),  .upstream_txdat_txnid (icache_tb_top.up_vif.upstream_txdat_txnid),  .upstream_rxreq_vld (icache_tb_top.up_vif.upstream_rxreq_vld),  .upstream_rxreq_rdy (icache_tb_top.up_vif.upstream_rxreq_rdy),  .upstream_rxreq_pld (icache_tb_top.up_vif.upstream_rxreq_pld),  .downstream_rxsnp_vld (icache_tb_top.down_vif.downstream_rxsnp_vld),  .downstream_rxsnp_rdy (icache_tb_top.down_vif.downstream_rxsnp_rdy),  .downstream_rxsnp_pld (icache_tb_top.down_vif.downstream_rxsnp_pld),  .downstream_txreq_vld (icache_tb_top.down_vif.downstream_tx ... "
  The following 32-bit expression is connected to 41-bit port 
  "prefetch_req_pld" of module "icache_top", instance "dut".
  Expression: 'b0
  Instantiated module defined at: 
  "/data/usr/xuemy/try/cache_v1/icache_v1_1008_release//rtl/icache_top.sv", 1
  Use +lint=PCWM for more details.


Warning-[PCWM-W] Port connection width mismatch
/data/usr/xuemy/try/cache_v1/icache_v1_1008_release//rtl/icache_mshr_file.sv, 158
"cmn_onehot2bin2 #(toy_pack::MSHR_ENTRY_NUM, ) u_release_done_index( .onehot_in (v_release_en),  .bin_out (entry_release_done_index));"
  The following 5-bit expression is connected to 4-bit port "bin_out" of 
  module "cmn_onehot2bin2", instance "u_release_done_index".
  Expression: entry_release_done_index
  Instantiated module defined at: 
  "/data/usr/xuemy/try/cache_v1/icache_v1_1008_release//rtl/cmn_onehot2bin2.sv",
  1
  Use +lint=PCWM for more details.


Warning-[PCWM-W] Port connection width mismatch
/data/usr/xuemy/try/cache_v1/icache_v1_1008_release//rtl/icache_mshr_file.sv, 165
"cmn_onehot2bin2 #(toy_pack::MSHR_ENTRY_NUM, ) u_downstream_req_entry_index( .onehot_in (v_downstream_txreq_rdy),  .bin_out (downstream_release_index));"
  The following 5-bit expression is connected to 4-bit port "bin_out" of 
  module "cmn_onehot2bin2", instance "u_downstream_req_entry_index".
  Expression: downstream_release_index
  Instantiated module defined at: 
  "/data/usr/xuemy/try/cache_v1/icache_v1_1008_release//rtl/cmn_onehot2bin2.sv",
  1
  Use +lint=PCWM for more details.

Starting vcs inline pass...

13 modules and 0 UDP read.
	However, due to incremental compilation, no re-compilation is necessary.
make[1]: Entering directory '/data/usr/xuemy/try/cache_v1/icache_v1_1008_release/work/rtl_sim/csrc' \

rm -f _cuarc*.so _csrc*.so pre_vcsobj_*.so share_vcsobj_*.so
ld -shared  -Bsymbolic   -o .//../simv.daidir//_cuarc0.so objs/amcQw_d.o 
rm -f _cuarc0.so
if [ -x ../simv ]; then chmod a-x ../simv; fi
g++  -o ../simv   -no-pie    -rdynamic  -Wl,-rpath='$ORIGIN'/simv.daidir -Wl,-rpath=./simv.daidir \
-Wl,-rpath=/tools/software/synopsys/vcs/T-2022.06/linux64/lib -L/tools/software/synopsys/vcs/T-2022.06/linux64/lib \
-Wl,-rpath-link=./ -Wl,--no-as-needed     _299411_archive_1.so _prev_archive_1.so \
_cuarc0.so  SIM_l.o       rmapats_mop.o rmapats.o rmar.o rmar_nd.o  rmar_llvm_0_1.o \
rmar_llvm_0_0.o           -lnuma -lvirsim -lerrorinf -lsnpsmalloc -lvfs    -lvcsnew \
-lsimprofile -luclinative /tools/software/synopsys/vcs/T-2022.06/linux64/lib/vcs_tls.o \
-Wl,-whole-archive  -lvcsucli    -Wl,-no-whole-archive        _vcs_pli_stub_.o   \
/tools/software/synopsys/vcs/T-2022.06/linux64/lib/vcs_save_restore_new.o /tools/software/synopsys/verdi/T-2022.06/share/PLI/VCS/LINUX64/pli.a \
-ldl  -lc -lm -lpthread -ldl 
../simv up to date
make[1]: Leaving directory '/data/usr/xuemy/try/cache_v1/icache_v1_1008_release/work/rtl_sim/csrc' \

Command: /data/usr/xuemy/try/cache_v1/icache_v1_1008_release/work/rtl_sim/./simv -lca +v2k -a com.log +WAVE +testname=sanity
Chronologic VCS simulator copyright 1991-2022
Contains Synopsys proprietary information.
Compiler version T-2022.06_Full64; Runtime version T-2022.06_Full64;  Dec 23 10:17 2024
Creating test object...
Test object created.
*Verdi* Loading libsscore_vcs202206.so
FSDB Dumper for VCS, Release Verdi_T-2022.06, Linux x86_64/64bit, 05/29/2022
(C) 1996 - 2022 by Synopsys, Inc.
*Verdi* FSDB WARNING: The FSDB file already exists. Overwriting the FSDB file may crash the programs that are using this file.
*Verdi* : Create FSDB file 'wave.fsdb'
*Verdi* : Begin traversing the scopes, layer (0).
*Verdi* : Enable +all dumping.
*Verdi* : End of traversing.
*Verdi* : fsdbDumpon - All FSDB files at 0 ns.
TEST NAME=sanity
[UP_SEQ] base seq transaction random start
T=500 [UP_SEQUENCE] ITEM NUM :1/5 create next transaction
counter=          1
[UP_SEQ] base seq transaction random start
T=500 [UP_SEQUENCE] ITEM NUM :2/5 create next transaction
counter=          2
[UP_SEQ] base seq transaction random start
T=500 [UP_SEQUENCE] ITEM NUM :3/5 create next transaction
counter=          3
[UP_SEQ] base seq transaction random start
T=500 [UP_SEQUENCE] ITEM NUM :4/5 create next transaction
counter=          4
[UP_SEQ] base seq transaction random start
T=500 [UP_SEQUENCE] ITEM NUM :5/5 create next transaction
counter=          5
T=500 [UP_SEQUENCE] Done generation of 5 transactions
[UP_SEQ] base seq transaction random start
T=500 [UP_SEQUENCE] ITEM NUM :1/5 create next transaction
counter=          6
[UP_SEQ] base seq transaction random start
T=500 [UP_SEQUENCE] ITEM NUM :2/5 create next transaction
counter=          7
[UP_SEQ] base seq transaction random start
T=500 [UP_SEQUENCE] ITEM NUM :3/5 create next transaction
counter=          8
[UP_SEQ] base seq transaction random start
T=500 [UP_SEQUENCE] ITEM NUM :4/5 create next transaction
counter=          9
[UP_SEQ] base seq transaction random start
T=500 [UP_SEQUENCE] ITEM NUM :5/5 create next transaction
counter=         10
T=500 [UP_SEQUENCE] Done generation of 5 transactions
[UP_SEQ] base seq transaction random start
T=500 [UP_SEQUENCE] ITEM NUM :1/5 create next transaction
counter=         11
[UP_SEQ] base seq transaction random start
T=500 [UP_SEQUENCE] ITEM NUM :2/5 create next transaction
counter=         12
[UP_SEQ] base seq transaction random start
T=500 [UP_SEQUENCE] ITEM NUM :3/5 create next transaction
counter=         13
[UP_SEQ] base seq transaction random start
T=500 [UP_SEQUENCE] ITEM NUM :4/5 create next transaction
counter=         14
[UP_SEQ] base seq transaction random start
T=500 [UP_SEQUENCE] ITEM NUM :5/5 create next transaction
counter=         15
T=500 [UP_SEQUENCE] Done generation of 5 transactions
ENVENVENV
[UP_agent] start!!!!!!!!!
[DOWN_agent] start!!!!!!!!!
[UP_agent] start2!!!!!!!!!
[DOWN_agent] start2!!!!!!!!!
[UP_DRV] start!!!
[DOWN_DRV] start!!!!!!!!!
DRV_MBX NUM =          15
[UP DRV] T=700 send_upstream_req: tag=     3, index=  1, txnid=         11, opcode= 2
T=700 [UP MONITOR ] starting to listen ...
[UP DRV] send req pld addr =0000c03b, txnid=11
[UP DRV] CREATE one pkt to queue 11
DRV_MBX NUM =          14
[UP DRV] T=705 send_upstream_req: tag=     2, index=  4, txnid=          5, opcode= 2
[MEM_MODEL] READ mem[c03b]=26dcff95bd7008af26e91dda513d3b2cefe7e1d33758e7b95c4803188d7bbac7
[UP DRV REF MEM] ADDR = 0000c03b, REF_DATA = 26dcff95bd7008af26e91dda513d3b2cefe7e1d33758e7b95c4803188d7bbac7, txnid = 11 
[UP DRV REF MEM] put           1 ref mem data
[SCOREBOARD] Scoreboard get up req: tag=     3, index=  1, id=11
 NEW CREATE REF MEM: ADDR=0000c03b DATA=26dcff95bd7008af26e91dda513d3b2cefe7e1d33758e7b95c4803188d7bbac7 PUSH to FIFO by addr
                 710,xxx[0000c03b]='{addr:'{tag:'h3, index:'h1, offset:'h1b}, data:'h26dcff95bd7008af26e91dda513d3b2cefe7e1d33758e7b95c4803188d7bbac7, txnid:'hb, opcode:'h2, send_time:705, recv_time:705}
[UP DRV] send req pld addr =00008097, txnid= 5
[UP DRV] CREATE one pkt to queue  5
DRV_MBX NUM =          13
[UP DRV] T=715 send_upstream_req: tag=     4, index=  2, txnid=          6, opcode= 2
[MEM_MODEL] READ mem[8097]=22f815f95b76db743648028f851ed9c91a84e2cc681e5335505c5bb9701ac5a0
[UP DRV REF MEM] ADDR = 00008097, REF_DATA = 22f815f95b76db743648028f851ed9c91a84e2cc681e5335505c5bb9701ac5a0, txnid =  5 
[UP DRV REF MEM] put           1 ref mem data
 NEW CREATE REF MEM: ADDR=00008097 DATA=22f815f95b76db743648028f851ed9c91a84e2cc681e5335505c5bb9701ac5a0 PUSH to FIFO by addr
                 720,xxx[00008097]='{addr:'{tag:'h2, index:'h4, offset:'h17}, data:'h22f815f95b76db743648028f851ed9c91a84e2cc681e5335505c5bb9701ac5a0, txnid:'h5, opcode:'h2, send_time:715, recv_time:715}
[DOWN_MONITOR] get a txreq! total 1 txreq
[SOCREBOARD] scoreboard get tx_req: txreq_addr = 0000c03b, txreq_txnid = 11
[SCOREBOARD] Scoreboard get up req: tag=     2, index=  4, id= 5
[DOWN_DRV OUT OF ORDER] 2 pkt in ooo queue!!
[DOWN_MONITOR] get a txreq! total 2 txreq
[SOCREBOARD] scoreboard get tx_req: txreq_addr = 00008097, txreq_txnid =  5
[UP DRV] send req pld addr =0001004e, txnid= 6
[UP DRV] CREATE one pkt to queue  6
DRV_MBX NUM =          12
[UP DRV] T=745 send_upstream_req: tag=     1, index=  4, txnid=         13, opcode= 2
[MEM_MODEL] READ mem[1004e]=20886038363abb99df475b3ed21ed0e16814534ef73867c54c308fdfb61ed54f
[UP DRV REF MEM] ADDR = 0001004e, REF_DATA = 20886038363abb99df475b3ed21ed0e16814534ef73867c54c308fdfb61ed54f, txnid =  6 
[UP DRV REF MEM] put           1 ref mem data
[SCOREBOARD] Scoreboard get up req: tag=     4, index=  2, id= 6
 NEW CREATE REF MEM: ADDR=0001004e DATA=20886038363abb99df475b3ed21ed0e16814534ef73867c54c308fdfb61ed54f PUSH to FIFO by addr
                 750,xxx[0001004e]='{addr:'{tag:'h4, index:'h2, offset:'he}, data:'h20886038363abb99df475b3ed21ed0e16814534ef73867c54c308fdfb61ed54f, txnid:'h6, opcode:'h2, send_time:745, recv_time:745}
[UP DRV] send req pld addr =00004081, txnid=13
[UP DRV] CREATE one pkt to queue 13
DRV_MBX NUM =          11
[UP DRV] T=755 send_upstream_req: tag=     3, index=  2, txnid=         15, opcode= 2
[MEM_MODEL] READ mem[4081]=f8e7953b9684ed4d77b0bfda2eeccc5f118c0d35a95561a654a586b883aff26f
[UP DRV REF MEM] ADDR = 00004081, REF_DATA = f8e7953b9684ed4d77b0bfda2eeccc5f118c0d35a95561a654a586b883aff26f, txnid = 13 
[UP DRV REF MEM] put           1 ref mem data
[MEM_MODEL] READ mem[8097]=22f815f95b76db743648028f851ed9c91a84e2cc681e5335505c5bb9701ac5a0
[[DOWN_DRV] send RXDATA] mem[8097]=22f815f95b76db743648028f851ed9c91a84e2cc681e5335505c5bb9701ac5a0, txnid=5                 755
 NEW CREATE REF MEM: ADDR=00004081 DATA=f8e7953b9684ed4d77b0bfda2eeccc5f118c0d35a95561a654a586b883aff26f PUSH to FIFO by addr
                 760,xxx[00004081]='{addr:'{tag:'h1, index:'h4, offset:'h1}, data:'hf8e7953b9684ed4d77b0bfda2eeccc5f118c0d35a95561a654a586b883aff26f, txnid:'hd, opcode:'h2, send_time:755, recv_time:755}
[DOWN_DRV OUT OF ORDER] 2 pkt in ooo queue!!
[DOWN_MONITOR] get a txreq! total 3 txreq
[SOCREBOARD] scoreboard get tx_req: txreq_addr = 0001004e, txreq_txnid =  6
[SCOREBOARD] Scoreboard get up req: tag=     1, index=  4, id=13
[UP MONITOR] RECEIVE TX DATA = 22f815f95b76db743648028f851ed9c91a84e2cc681e5335505c5bb9701ac5a0 !!
[UP MONITOR] RECEIVE ADDR = 00008097 !!
[MEM_MODEL] READ mem[1004e]=20886038363abb99df475b3ed21ed0e16814534ef73867c54c308fdfb61ed54f
[[DOWN_DRV] send RXDATA] mem[1004e]=20886038363abb99df475b3ed21ed0e16814534ef73867c54c308fdfb61ed54f, txnid=6                 775
[SCB COMAPRE] monitor pkt addr = 00008097, data=22f815f95b76db743648028f851ed9c91a84e2cc681e5335505c5bb9701ac5a0, txnid =  5
                 775,aaaa[4057]=null
                 775,bbbb[4057]=null
                 775,yyy[00008097]='{addr:'{tag:'h2, index:'h4, offset:'h17}, data:'h22f815f95b76db743648028f851ed9c91a84e2cc681e5335505c5bb9701ac5a0, txnid:'h5, opcode:'h2, send_time:715, recv_time:715}
 mem[8097] size=1,data=22f815f95b76db743648028f851ed9c91a84e2cc681e5335505c5bb9701ac5a0
[SCB] COMPARE PASS: DUT Data matches REF MEM Data. Addr 0x8097, DATA =22f815f95b76db743648028f851ed9c91a84e2cc681e5335505c5bb9701ac5a0, ref=22f815f95b76db743648028f851ed9c91a84e2cc681e5335505c5bb9701ac5a0,0
[UP DRV] send req pld addr =0000c041, txnid=15
[UP DRV] CREATE one pkt to queue 15
DRV_MBX NUM =          10
[UP DRV] T=785 send_upstream_req: tag=     6, index=  2, txnid=         14, opcode= 2
[MEM_MODEL] READ mem[c041]=666b59ec682ee4e66b86247a021c6cc54b04d752f666d05426dcff95bd7008af
[UP DRV REF MEM] ADDR = 0000c041, REF_DATA = 666b59ec682ee4e66b86247a021c6cc54b04d752f666d05426dcff95bd7008af, txnid = 15 
[UP DRV REF MEM] put           1 ref mem data
 NEW CREATE REF MEM: ADDR=0000c041 DATA=666b59ec682ee4e66b86247a021c6cc54b04d752f666d05426dcff95bd7008af PUSH to FIFO by addr
                 790,xxx[0000c041]='{addr:'{tag:'h3, index:'h2, offset:'h1}, data:'h666b59ec682ee4e66b86247a021c6cc54b04d752f666d05426dcff95bd7008af, txnid:'hf, opcode:'h2, send_time:785, recv_time:785}
[UP DRV] send req pld addr =0001804d, txnid=14
[UP DRV] CREATE one pkt to queue 14
DRV_MBX NUM =           9
[UP DRV] T=795 send_upstream_req: tag=     1, index=  2, txnid=          3, opcode= 2
[UP MONITOR] RECEIVE TX DATA = 20886038363abb99df475b3ed21ed0e16814534ef73867c54c308fdfb61ed54f !!
[UP MONITOR] RECEIVE ADDR = 0001004e !!
[MEM_MODEL] READ mem[1804d]=0ad0f176da4e8f3a827594e76ddf94e08b50334c4dfd5dfae5ef308c7f6bd706
[UP DRV REF MEM] ADDR = 0001804d, REF_DATA = 0ad0f176da4e8f3a827594e76ddf94e08b50334c4dfd5dfae5ef308c7f6bd706, txnid = 14 
[UP DRV REF MEM] put           1 ref mem data
[DOWN_DRV OUT OF ORDER] 2 pkt in ooo queue!!
[DOWN_MONITOR] get a txreq! total 4 txreq
[SCB COMAPRE] monitor pkt addr = 0001004e, data=20886038363abb99df475b3ed21ed0e16814534ef73867c54c308fdfb61ed54f, txnid =  6
                 795,aaaa[4057]=null
                 795,bbbb[4057]=null
                 795,yyy[0001004e]='{addr:'{tag:'h4, index:'h2, offset:'he}, data:'h20886038363abb99df475b3ed21ed0e16814534ef73867c54c308fdfb61ed54f, txnid:'h6, opcode:'h2, send_time:745, recv_time:745}
 mem[1004e] size=1,data=20886038363abb99df475b3ed21ed0e16814534ef73867c54c308fdfb61ed54f
[SCB] COMPARE PASS: DUT Data matches REF MEM Data. Addr 0x1004e, DATA =20886038363abb99df475b3ed21ed0e16814534ef73867c54c308fdfb61ed54f, ref=20886038363abb99df475b3ed21ed0e16814534ef73867c54c308fdfb61ed54f,0
[SOCREBOARD] scoreboard get tx_req: txreq_addr = 00004081, txreq_txnid = 13
[SCOREBOARD] Scoreboard get up req: tag=     3, index=  2, id=15
 NEW CREATE REF MEM: ADDR=0001804d DATA=0ad0f176da4e8f3a827594e76ddf94e08b50334c4dfd5dfae5ef308c7f6bd706 PUSH to FIFO by addr
                 800,xxx[0001804d]='{addr:'{tag:'h6, index:'h2, offset:'hd}, data:'had0f176da4e8f3a827594e76ddf94e08b50334c4dfd5dfae5ef308c7f6bd706, txnid:'he, opcode:'h2, send_time:795, recv_time:795}
[MEM_MODEL] READ mem[c03b]=26dcff95bd7008af26e91dda513d3b2cefe7e1d33758e7b95c4803188d7bbac7
[[DOWN_DRV] send RXDATA] mem[c03b]=26dcff95bd7008af26e91dda513d3b2cefe7e1d33758e7b95c4803188d7bbac7, txnid=b                 805
[UP DRV] send req pld addr =00004052, txnid= 3
[UP DRV] CREATE one pkt to queue  3
DRV_MBX NUM =           8
[UP DRV] T=825 send_upstream_req: tag=     1, index=  2, txnid=         10, opcode= 2
[UP MONITOR] RECEIVE TX DATA = 26dcff95bd7008af26e91dda513d3b2cefe7e1d33758e7b95c4803188d7bbac7 !!
[UP MONITOR] RECEIVE ADDR = 0000c03b !!
[MEM_MODEL] READ mem[4052]=f1576a3a02c1d5bea3439ba9bb64e25b0c74b6bc4371bd6e8071de3cc273c5b2
[UP DRV REF MEM] ADDR = 00004052, REF_DATA = f1576a3a02c1d5bea3439ba9bb64e25b0c74b6bc4371bd6e8071de3cc273c5b2, txnid =  3 
[UP DRV REF MEM] put           1 ref mem data
[DOWN_DRV OUT OF ORDER] 2 pkt in ooo queue!!
[DOWN_MONITOR] get a txreq! total 5 txreq
[SCB COMAPRE] monitor pkt addr = 0000c03b, data=26dcff95bd7008af26e91dda513d3b2cefe7e1d33758e7b95c4803188d7bbac7, txnid = 11
                 825,aaaa[4057]=null
                 825,bbbb[4057]=null
                 825,yyy[0000c03b]='{addr:'{tag:'h3, index:'h1, offset:'h1b}, data:'h26dcff95bd7008af26e91dda513d3b2cefe7e1d33758e7b95c4803188d7bbac7, txnid:'hb, opcode:'h2, send_time:705, recv_time:705}
 mem[c03b] size=1,data=26dcff95bd7008af26e91dda513d3b2cefe7e1d33758e7b95c4803188d7bbac7
[SCB] COMPARE PASS: DUT Data matches REF MEM Data. Addr 0xc03b, DATA =26dcff95bd7008af26e91dda513d3b2cefe7e1d33758e7b95c4803188d7bbac7, ref=26dcff95bd7008af26e91dda513d3b2cefe7e1d33758e7b95c4803188d7bbac7,0
[SOCREBOARD] scoreboard get tx_req: txreq_addr = 0000c041, txreq_txnid = 15
[SCOREBOARD] Scoreboard get up req: tag=     6, index=  2, id=14
 NEW CREATE REF MEM: ADDR=00004052 DATA=f1576a3a02c1d5bea3439ba9bb64e25b0c74b6bc4371bd6e8071de3cc273c5b2 PUSH to FIFO by addr
                 830,xxx[00004052]='{addr:'{tag:'h1, index:'h2, offset:'h12}, data:'hf1576a3a02c1d5bea3439ba9bb64e25b0c74b6bc4371bd6e8071de3cc273c5b2, txnid:'h3, opcode:'h2, send_time:825, recv_time:825}
[UP DRV] send req pld addr =00004057, txnid=10
[UP DRV] CREATE one pkt to queue 10
DRV_MBX NUM =           7
[UP DRV] T=835 send_upstream_req: tag=     6, index=  3, txnid=         11, opcode= 2
[MEM_MODEL] READ mem[4057]=d5fc016405093b72b64119d6daa80326399c67e9f1576a3a02c1d5bea3439ba9
[UP DRV REF MEM] ADDR = 00004057, REF_DATA = d5fc016405093b72b64119d6daa80326399c67e9f1576a3a02c1d5bea3439ba9, txnid = 10 
[UP DRV REF MEM] put           1 ref mem data
[MEM_MODEL] READ mem[4081]=f8e7953b9684ed4d77b0bfda2eeccc5f118c0d35a95561a654a586b883aff26f
[[DOWN_DRV] send RXDATA] mem[4081]=f8e7953b9684ed4d77b0bfda2eeccc5f118c0d35a95561a654a586b883aff26f, txnid=d                 835
 NEW CREATE REF MEM: ADDR=00004057 DATA=d5fc016405093b72b64119d6daa80326399c67e9f1576a3a02c1d5bea3439ba9 PUSH to FIFO by addr
                 840,xxx[00004057]='{addr:'{tag:'h1, index:'h2, offset:'h17}, data:'hd5fc016405093b72b64119d6daa80326399c67e9f1576a3a02c1d5bea3439ba9, txnid:'ha, opcode:'h2, send_time:835, recv_time:835}
                 850,zzz[4057]='{addr:'{tag:'h1, index:'h2, offset:'h17}, data:'hd5fc016405093b72b64119d6daa80326399c67e9f1576a3a02c1d5bea3439ba9, txnid:'ha, opcode:'h2, send_time:835, recv_time:835}
[UP DRV] send req pld addr =0001807e, txnid=11
[UP DRV] PUSH one pkt to queue 11
DRV_MBX NUM =           6
[UP DRV] T=855 send_upstream_req: tag=     1, index=  1, txnid=          4, opcode= 2
[UP MONITOR] RECEIVE TX DATA = f8e7953b9684ed4d77b0bfda2eeccc5f118c0d35a95561a654a586b883aff26f !!
[UP MONITOR] RECEIVE ADDR = 00004081 !!
[MEM_MODEL] READ mem[1807e]=42760af44d39f72aebb490aa7a64316ab772c28fcd5233a1d98c3fafa27e5e6c
[UP DRV REF MEM] ADDR = 0001807e, REF_DATA = 42760af44d39f72aebb490aa7a64316ab772c28fcd5233a1d98c3fafa27e5e6c, txnid = 11 
[UP DRV REF MEM] put           1 ref mem data
[SCB COMAPRE] monitor pkt addr = 00004081, data=f8e7953b9684ed4d77b0bfda2eeccc5f118c0d35a95561a654a586b883aff26f, txnid = 13
                 855,aaaa[4057]='{addr:'{tag:'h1, index:'h2, offset:'h17}, data:'hd5fc016405093b72b64119d6daa80326399c67e9f1576a3a02c1d5bea3439ba9, txnid:'ha, opcode:'h2, send_time:835, recv_time:835}
                 855,bbbb[4057]='{addr:'{tag:'h1, index:'h2, offset:'h17}, data:'hd5fc016405093b72b64119d6daa80326399c67e9f1576a3a02c1d5bea3439ba9, txnid:'ha, opcode:'h2, send_time:835, recv_time:835}
                 855,yyy[00004081]='{addr:'{tag:'h1, index:'h4, offset:'h1}, data:'hf8e7953b9684ed4d77b0bfda2eeccc5f118c0d35a95561a654a586b883aff26f, txnid:'hd, opcode:'h2, send_time:755, recv_time:755}
 mem[4081] size=1,data=f8e7953b9684ed4d77b0bfda2eeccc5f118c0d35a95561a654a586b883aff26f
[SCB] COMPARE PASS: DUT Data matches REF MEM Data. Addr 0x4081, DATA =f8e7953b9684ed4d77b0bfda2eeccc5f118c0d35a95561a654a586b883aff26f, ref=f8e7953b9684ed4d77b0bfda2eeccc5f118c0d35a95561a654a586b883aff26f,0
                 860,zzz[4057]='{addr:'{tag:'h1, index:'h2, offset:'h17}, data:'hd5fc016405093b72b64119d6daa80326399c67e9f1576a3a02c1d5bea3439ba9, txnid:'ha, opcode:'h2, send_time:835, recv_time:835}
 NEW CREATE REF MEM: ADDR=0001807e DATA=42760af44d39f72aebb490aa7a64316ab772c28fcd5233a1d98c3fafa27e5e6c PUSH to FIFO by addr
                 860,xxx[0001807e]='{addr:'{tag:'h6, index:'h3, offset:'h1e}, data:'h42760af44d39f72aebb490aa7a64316ab772c28fcd5233a1d98c3fafa27e5e6c, txnid:'hb, opcode:'h2, send_time:855, recv_time:855}
[UP DRV] send req pld addr =00004037, txnid= 4
[UP DRV] CREATE one pkt to queue  4
DRV_MBX NUM =           5
[UP DRV] T=865 send_upstream_req: tag=     3, index=  3, txnid=          1, opcode= 2
[MEM_MODEL] READ mem[4037]=bb2336f11116ad194657c5d99c97e52c2fe8a8ba9543aa8ab575966e4931842f
[UP DRV REF MEM] ADDR = 00004037, REF_DATA = bb2336f11116ad194657c5d99c97e52c2fe8a8ba9543aa8ab575966e4931842f, txnid =  4 
[UP DRV REF MEM] put           1 ref mem data
[MEM_MODEL] READ mem[c041]=666b59ec682ee4e66b86247a021c6cc54b04d752f666d05426dcff95bd7008af
[[DOWN_DRV] send RXDATA] mem[c041]=666b59ec682ee4e66b86247a021c6cc54b04d752f666d05426dcff95bd7008af, txnid=f                 865
                 870,zzz[4057]='{addr:'{tag:'h1, index:'h2, offset:'h17}, data:'hd5fc016405093b72b64119d6daa80326399c67e9f1576a3a02c1d5bea3439ba9, txnid:'ha, opcode:'h2, send_time:835, recv_time:835}
 NEW CREATE REF MEM: ADDR=00004037 DATA=bb2336f11116ad194657c5d99c97e52c2fe8a8ba9543aa8ab575966e4931842f PUSH to FIFO by addr
                 870,xxx[00004037]='{addr:'{tag:'h1, index:'h1, offset:'h17}, data:'hbb2336f11116ad194657c5d99c97e52c2fe8a8ba9543aa8ab575966e4931842f, txnid:'h4, opcode:'h2, send_time:865, recv_time:865}
[DOWN_MONITOR] get a txreq! total 6 txreq
[SOCREBOARD] scoreboard get tx_req: txreq_addr = 0001807e, txreq_txnid = 11
[SCOREBOARD] Scoreboard get up req: tag=     1, index=  2, id= 3
                 880,zzz[4057]='{addr:'{tag:'h1, index:'h2, offset:'h17}, data:'hd5fc016405093b72b64119d6daa80326399c67e9f1576a3a02c1d5bea3439ba9, txnid:'ha, opcode:'h2, send_time:835, recv_time:835}
[UP MONITOR] RECEIVE TX DATA = 666b59ec682ee4e66b86247a021c6cc54b04d752f666d05426dcff95bd7008af !!
[UP MONITOR] RECEIVE ADDR = 0000c041 !!
[DOWN_DRV OUT OF ORDER] 2 pkt in ooo queue!!
[DOWN_MONITOR] get a txreq! total 7 txreq
[SCB COMAPRE] monitor pkt addr = 0000c041, data=666b59ec682ee4e66b86247a021c6cc54b04d752f666d05426dcff95bd7008af, txnid = 15
                 885,aaaa[4057]='{addr:'{tag:'h1, index:'h2, offset:'h17}, data:'hd5fc016405093b72b64119d6daa80326399c67e9f1576a3a02c1d5bea3439ba9, txnid:'ha, opcode:'h2, send_time:835, recv_time:835}
                 885,bbbb[4057]='{addr:'{tag:'h1, index:'h2, offset:'h17}, data:'hd5fc016405093b72b64119d6daa80326399c67e9f1576a3a02c1d5bea3439ba9, txnid:'ha, opcode:'h2, send_time:835, recv_time:835}
                 885,yyy[0000c041]='{addr:'{tag:'h3, index:'h2, offset:'h1}, data:'h666b59ec682ee4e66b86247a021c6cc54b04d752f666d05426dcff95bd7008af, txnid:'hf, opcode:'h2, send_time:785, recv_time:785}
 mem[c041] size=1,data=666b59ec682ee4e66b86247a021c6cc54b04d752f666d05426dcff95bd7008af
[SCB] COMPARE PASS: DUT Data matches REF MEM Data. Addr 0xc041, DATA =666b59ec682ee4e66b86247a021c6cc54b04d752f666d05426dcff95bd7008af, ref=666b59ec682ee4e66b86247a021c6cc54b04d752f666d05426dcff95bd7008af,0
[SOCREBOARD] scoreboard get tx_req: txreq_addr = 00004037, txreq_txnid =  4
[SCOREBOARD] Scoreboard get up req: tag=     1, index=  2, id=10
                 890,zzz[4057]='{addr:'{tag:'h1, index:'h2, offset:'h17}, data:'hd5fc016405093b72b64119d6daa80326399c67e9f1576a3a02c1d5bea3439ba9, txnid:'ha, opcode:'h2, send_time:835, recv_time:835}
[UP DRV] send req pld addr =0000c07a, txnid= 1
[UP DRV] CREATE one pkt to queue  1
DRV_MBX NUM =           4
[UP DRV] T=895 send_upstream_req: tag=     4, index=  5, txnid=         15, opcode= 2
[MEM_MODEL] READ mem[c07a]=b94365ddc14792a38d949319d47af0af63dd747b056652cabcfbf5b092f8a004
[UP DRV REF MEM] ADDR = 0000c07a, REF_DATA = b94365ddc14792a38d949319d47af0af63dd747b056652cabcfbf5b092f8a004, txnid =  1 
[UP DRV REF MEM] put           1 ref mem data
                 900,zzz[4057]='{addr:'{tag:'h1, index:'h2, offset:'h17}, data:'hd5fc016405093b72b64119d6daa80326399c67e9f1576a3a02c1d5bea3439ba9, txnid:'ha, opcode:'h2, send_time:835, recv_time:835}
 NEW CREATE REF MEM: ADDR=0000c07a DATA=b94365ddc14792a38d949319d47af0af63dd747b056652cabcfbf5b092f8a004 PUSH to FIFO by addr
                 900,xxx[0000c07a]='{addr:'{tag:'h3, index:'h3, offset:'h1a}, data:'hb94365ddc14792a38d949319d47af0af63dd747b056652cabcfbf5b092f8a004, txnid:'h1, opcode:'h2, send_time:895, recv_time:895}
[UP DRV] send req pld addr =000100b4, txnid=15
[UP DRV] PUSH one pkt to queue 15
DRV_MBX NUM =           3
[UP DRV] T=905 send_upstream_req: tag=     4, index=  1, txnid=          0, opcode= 2
[MEM_MODEL] READ mem[100b4]=4a009b4635483d0037000da16f1e43f18834d708cbf8f39666d8c206763d009a
[UP DRV REF MEM] ADDR = 000100b4, REF_DATA = 4a009b4635483d0037000da16f1e43f18834d708cbf8f39666d8c206763d009a, txnid = 15 
[UP DRV REF MEM] put           1 ref mem data
[MEM_MODEL] READ mem[4037]=bb2336f11116ad194657c5d99c97e52c2fe8a8ba9543aa8ab575966e4931842f
[[DOWN_DRV] send RXDATA] mem[4037]=bb2336f11116ad194657c5d99c97e52c2fe8a8ba9543aa8ab575966e4931842f, txnid=4                 905
[DOWN_DRV OUT OF ORDER] 2 pkt in ooo queue!!
[DOWN_MONITOR] get a txreq! total 8 txreq
[SOCREBOARD] scoreboard get tx_req: txreq_addr = 0001804d, txreq_txnid = 14
[SCOREBOARD] Scoreboard get up req: tag=     6, index=  3, id=11
                 910,zzz[4057]='{addr:'{tag:'h1, index:'h2, offset:'h17}, data:'hd5fc016405093b72b64119d6daa80326399c67e9f1576a3a02c1d5bea3439ba9, txnid:'ha, opcode:'h2, send_time:835, recv_time:835}
 NEW CREATE REF MEM: ADDR=000100b4 DATA=4a009b4635483d0037000da16f1e43f18834d708cbf8f39666d8c206763d009a PUSH to FIFO by addr
                 910,xxx[000100b4]='{addr:'{tag:'h4, index:'h5, offset:'h14}, data:'h4a009b4635483d0037000da16f1e43f18834d708cbf8f39666d8c206763d009a, txnid:'hf, opcode:'h2, send_time:905, recv_time:905}
                 920,zzz[4057]='{addr:'{tag:'h1, index:'h2, offset:'h17}, data:'hd5fc016405093b72b64119d6daa80326399c67e9f1576a3a02c1d5bea3439ba9, txnid:'ha, opcode:'h2, send_time:835, recv_time:835}
[UP MONITOR] RECEIVE TX DATA = bb2336f11116ad194657c5d99c97e52c2fe8a8ba9543aa8ab575966e4931842f !!
[UP MONITOR] RECEIVE ADDR = 00004037 !!
[DOWN_DRV OUT OF ORDER] 3 pkt in ooo queue!!
[DOWN_MONITOR] get a txreq! total 9 txreq
[SCB COMAPRE] monitor pkt addr = 00004037, data=bb2336f11116ad194657c5d99c97e52c2fe8a8ba9543aa8ab575966e4931842f, txnid =  4
                 925,aaaa[4057]='{addr:'{tag:'h1, index:'h2, offset:'h17}, data:'hd5fc016405093b72b64119d6daa80326399c67e9f1576a3a02c1d5bea3439ba9, txnid:'ha, opcode:'h2, send_time:835, recv_time:835}
                 925,bbbb[4057]='{addr:'{tag:'h1, index:'h2, offset:'h17}, data:'hd5fc016405093b72b64119d6daa80326399c67e9f1576a3a02c1d5bea3439ba9, txnid:'ha, opcode:'h2, send_time:835, recv_time:835}
                 925,yyy[00004037]='{addr:'{tag:'h1, index:'h1, offset:'h17}, data:'hbb2336f11116ad194657c5d99c97e52c2fe8a8ba9543aa8ab575966e4931842f, txnid:'h4, opcode:'h2, send_time:865, recv_time:865}
 mem[4037] size=1,data=bb2336f11116ad194657c5d99c97e52c2fe8a8ba9543aa8ab575966e4931842f
[SCB] COMPARE PASS: DUT Data matches REF MEM Data. Addr 0x4037, DATA =bb2336f11116ad194657c5d99c97e52c2fe8a8ba9543aa8ab575966e4931842f, ref=bb2336f11116ad194657c5d99c97e52c2fe8a8ba9543aa8ab575966e4931842f,0
[SOCREBOARD] scoreboard get tx_req: txreq_addr = 000100b4, txreq_txnid = 15
[SCOREBOARD] Scoreboard get up req: tag=     1, index=  1, id= 4
                 930,zzz[4057]='{addr:'{tag:'h1, index:'h2, offset:'h17}, data:'hd5fc016405093b72b64119d6daa80326399c67e9f1576a3a02c1d5bea3439ba9, txnid:'ha, opcode:'h2, send_time:835, recv_time:835}
[UP DRV] send req pld addr =00010020, txnid= 0
[UP DRV] CREATE one pkt to queue  0
DRV_MBX NUM =           2
[UP DRV] T=935 send_upstream_req: tag=     2, index=  3, txnid=          2, opcode= 2
[MEM_MODEL] READ mem[10020]=fe6cafebbe15a1823c38a45a0b874a62cd5204f9f777ed338ca9755b440cb14d
[UP DRV REF MEM] ADDR = 00010020, REF_DATA = fe6cafebbe15a1823c38a45a0b874a62cd5204f9f777ed338ca9755b440cb14d, txnid =  0 
[UP DRV REF MEM] put           1 ref mem data
[MEM_MODEL] READ mem[1807e]=42760af44d39f72aebb490aa7a64316ab772c28fcd5233a1d98c3fafa27e5e6c
[[DOWN_DRV] send RXDATA] mem[1807e]=42760af44d39f72aebb490aa7a64316ab772c28fcd5233a1d98c3fafa27e5e6c, txnid=b                 935
                 940,zzz[4057]='{addr:'{tag:'h1, index:'h2, offset:'h17}, data:'hd5fc016405093b72b64119d6daa80326399c67e9f1576a3a02c1d5bea3439ba9, txnid:'ha, opcode:'h2, send_time:835, recv_time:835}
 NEW CREATE REF MEM: ADDR=00010020 DATA=fe6cafebbe15a1823c38a45a0b874a62cd5204f9f777ed338ca9755b440cb14d PUSH to FIFO by addr
                 940,xxx[00010020]='{addr:'{tag:'h4, index:'h1, offset:'h0}, data:'hfe6cafebbe15a1823c38a45a0b874a62cd5204f9f777ed338ca9755b440cb14d, txnid:'h0, opcode:'h2, send_time:935, recv_time:935}
[UP DRV] send req pld addr =00008065, txnid= 2
[UP DRV] CREATE one pkt to queue  2
DRV_MBX NUM =           1
[UP DRV] T=945 send_upstream_req: tag=     5, index=  5, txnid=         12, opcode= 2
[MEM_MODEL] READ mem[8065]=8e77fc46020b6d46b5eb497b2a7b9057d6df485a9337de0457f3e7bdce27de6e
[UP DRV REF MEM] ADDR = 00008065, REF_DATA = 8e77fc46020b6d46b5eb497b2a7b9057d6df485a9337de0457f3e7bdce27de6e, txnid =  2 
[UP DRV REF MEM] put           1 ref mem data
                 950,zzz[4057]='{addr:'{tag:'h1, index:'h2, offset:'h17}, data:'hd5fc016405093b72b64119d6daa80326399c67e9f1576a3a02c1d5bea3439ba9, txnid:'ha, opcode:'h2, send_time:835, recv_time:835}
 NEW CREATE REF MEM: ADDR=00008065 DATA=8e77fc46020b6d46b5eb497b2a7b9057d6df485a9337de0457f3e7bdce27de6e PUSH to FIFO by addr
                 950,xxx[00008065]='{addr:'{tag:'h2, index:'h3, offset:'h5}, data:'h8e77fc46020b6d46b5eb497b2a7b9057d6df485a9337de0457f3e7bdce27de6e, txnid:'h2, opcode:'h2, send_time:945, recv_time:945}
[UP MONITOR] RECEIVE TX DATA = 42760af44d39f72aebb490aa7a64316ab772c28fcd5233a1d98c3fafa27e5e6c !!
[UP MONITOR] RECEIVE ADDR = 0001807e !!
[MEM_MODEL] READ mem[100b4]=4a009b4635483d0037000da16f1e43f18834d708cbf8f39666d8c206763d009a
[[DOWN_DRV] send RXDATA] mem[100b4]=4a009b4635483d0037000da16f1e43f18834d708cbf8f39666d8c206763d009a, txnid=f                 955
[DOWN_DRV OUT OF ORDER] 2 pkt in ooo queue!!
[DOWN_MONITOR] get a txreq! total 10 txreq
[SCB COMAPRE] monitor pkt addr = 0001807e, data=42760af44d39f72aebb490aa7a64316ab772c28fcd5233a1d98c3fafa27e5e6c, txnid = 11
                 955,aaaa[4057]='{addr:'{tag:'h1, index:'h2, offset:'h17}, data:'hd5fc016405093b72b64119d6daa80326399c67e9f1576a3a02c1d5bea3439ba9, txnid:'ha, opcode:'h2, send_time:835, recv_time:835}
                 955,bbbb[4057]='{addr:'{tag:'h1, index:'h2, offset:'h17}, data:'hd5fc016405093b72b64119d6daa80326399c67e9f1576a3a02c1d5bea3439ba9, txnid:'ha, opcode:'h2, send_time:835, recv_time:835}
                 955,yyy[0001807e]='{addr:'{tag:'h6, index:'h3, offset:'h1e}, data:'h42760af44d39f72aebb490aa7a64316ab772c28fcd5233a1d98c3fafa27e5e6c, txnid:'hb, opcode:'h2, send_time:855, recv_time:855}
 mem[1807e] size=1,data=42760af44d39f72aebb490aa7a64316ab772c28fcd5233a1d98c3fafa27e5e6c
[SCB] COMPARE PASS: DUT Data matches REF MEM Data. Addr 0x1807e, DATA =42760af44d39f72aebb490aa7a64316ab772c28fcd5233a1d98c3fafa27e5e6c, ref=42760af44d39f72aebb490aa7a64316ab772c28fcd5233a1d98c3fafa27e5e6c,0
[SOCREBOARD] scoreboard get tx_req: txreq_addr = 00010020, txreq_txnid =  0
[SCOREBOARD] Scoreboard get up req: tag=     3, index=  3, id= 1
                 960,zzz[4057]='{addr:'{tag:'h1, index:'h2, offset:'h17}, data:'hd5fc016405093b72b64119d6daa80326399c67e9f1576a3a02c1d5bea3439ba9, txnid:'ha, opcode:'h2, send_time:835, recv_time:835}
                 970,zzz[4057]='{addr:'{tag:'h1, index:'h2, offset:'h17}, data:'hd5fc016405093b72b64119d6daa80326399c67e9f1576a3a02c1d5bea3439ba9, txnid:'ha, opcode:'h2, send_time:835, recv_time:835}
[UP DRV] send req pld addr =000140b9, txnid=12
[UP DRV] CREATE one pkt to queue 12
[UP MONITOR] RECEIVE TX DATA = 4a009b4635483d0037000da16f1e43f18834d708cbf8f39666d8c206763d009a !!
[UP MONITOR] RECEIVE ADDR = 000100b4 !!
[MEM_MODEL] READ mem[140b9]=b2f6687ae29fc07fa7425e290136bbb218678c6863b7eef9113cc1eb57d37f30
[UP DRV REF MEM] ADDR = 000140b9, REF_DATA = b2f6687ae29fc07fa7425e290136bbb218678c6863b7eef9113cc1eb57d37f30, txnid = 12 
[UP DRV REF MEM] put           1 ref mem data
[DOWN_DRV OUT OF ORDER] 3 pkt in ooo queue!!
[DOWN_MONITOR] get a txreq! total 11 txreq
[SCB COMAPRE] monitor pkt addr = 000100b4, data=4a009b4635483d0037000da16f1e43f18834d708cbf8f39666d8c206763d009a, txnid = 15
                 975,aaaa[4057]='{addr:'{tag:'h1, index:'h2, offset:'h17}, data:'hd5fc016405093b72b64119d6daa80326399c67e9f1576a3a02c1d5bea3439ba9, txnid:'ha, opcode:'h2, send_time:835, recv_time:835}
                 975,bbbb[4057]='{addr:'{tag:'h1, index:'h2, offset:'h17}, data:'hd5fc016405093b72b64119d6daa80326399c67e9f1576a3a02c1d5bea3439ba9, txnid:'ha, opcode:'h2, send_time:835, recv_time:835}
                 975,yyy[000100b4]='{addr:'{tag:'h4, index:'h5, offset:'h14}, data:'h4a009b4635483d0037000da16f1e43f18834d708cbf8f39666d8c206763d009a, txnid:'hf, opcode:'h2, send_time:905, recv_time:905}
 mem[100b4] size=1,data=4a009b4635483d0037000da16f1e43f18834d708cbf8f39666d8c206763d009a
[SCB] COMPARE PASS: DUT Data matches REF MEM Data. Addr 0x100b4, DATA =4a009b4635483d0037000da16f1e43f18834d708cbf8f39666d8c206763d009a, ref=4a009b4635483d0037000da16f1e43f18834d708cbf8f39666d8c206763d009a,0
[SOCREBOARD] scoreboard get tx_req: txreq_addr = 0000c07a, txreq_txnid =  1
[SCOREBOARD] Scoreboard get up req: tag=     4, index=  5, id=15
                 980,zzz[4057]='{addr:'{tag:'h1, index:'h2, offset:'h17}, data:'hd5fc016405093b72b64119d6daa80326399c67e9f1576a3a02c1d5bea3439ba9, txnid:'ha, opcode:'h2, send_time:835, recv_time:835}
 NEW CREATE REF MEM: ADDR=000140b9 DATA=b2f6687ae29fc07fa7425e290136bbb218678c6863b7eef9113cc1eb57d37f30 PUSH to FIFO by addr
                 980,xxx[000140b9]='{addr:'{tag:'h5, index:'h5, offset:'h19}, data:'hb2f6687ae29fc07fa7425e290136bbb218678c6863b7eef9113cc1eb57d37f30, txnid:'hc, opcode:'h2, send_time:975, recv_time:975}
[MEM_MODEL] READ mem[1804d]=0ad0f176da4e8f3a827594e76ddf94e08b50334c4dfd5dfae5ef308c7f6bd706
[[DOWN_DRV] send RXDATA] mem[1804d]=0ad0f176da4e8f3a827594e76ddf94e08b50334c4dfd5dfae5ef308c7f6bd706, txnid=e                 985
                 990,zzz[4057]='{addr:'{tag:'h1, index:'h2, offset:'h17}, data:'hd5fc016405093b72b64119d6daa80326399c67e9f1576a3a02c1d5bea3439ba9, txnid:'ha, opcode:'h2, send_time:835, recv_time:835}
[DOWN_DRV OUT OF ORDER] 3 pkt in ooo queue!!
[DOWN_MONITOR] get a txreq! total 12 txreq
[SOCREBOARD] scoreboard get tx_req: txreq_addr = 000140b9, txreq_txnid = 12
[SCOREBOARD] Scoreboard get up req: tag=     4, index=  1, id= 0
                1000,zzz[4057]='{addr:'{tag:'h1, index:'h2, offset:'h17}, data:'hd5fc016405093b72b64119d6daa80326399c67e9f1576a3a02c1d5bea3439ba9, txnid:'ha, opcode:'h2, send_time:835, recv_time:835}
[UP MONITOR] RECEIVE TX DATA = 0ad0f176da4e8f3a827594e76ddf94e08b50334c4dfd5dfae5ef308c7f6bd706 !!
[UP MONITOR] RECEIVE ADDR = 0001804d !!
[MEM_MODEL] READ mem[c07a]=b94365ddc14792a38d949319d47af0af63dd747b056652cabcfbf5b092f8a004
[[DOWN_DRV] send RXDATA] mem[c07a]=b94365ddc14792a38d949319d47af0af63dd747b056652cabcfbf5b092f8a004, txnid=1                1005
[SCB COMAPRE] monitor pkt addr = 0001804d, data=0ad0f176da4e8f3a827594e76ddf94e08b50334c4dfd5dfae5ef308c7f6bd706, txnid = 14
                1005,aaaa[4057]='{addr:'{tag:'h1, index:'h2, offset:'h17}, data:'hd5fc016405093b72b64119d6daa80326399c67e9f1576a3a02c1d5bea3439ba9, txnid:'ha, opcode:'h2, send_time:835, recv_time:835}
                1005,bbbb[4057]='{addr:'{tag:'h1, index:'h2, offset:'h17}, data:'hd5fc016405093b72b64119d6daa80326399c67e9f1576a3a02c1d5bea3439ba9, txnid:'ha, opcode:'h2, send_time:835, recv_time:835}
                1005,yyy[0001804d]='{addr:'{tag:'h6, index:'h2, offset:'hd}, data:'had0f176da4e8f3a827594e76ddf94e08b50334c4dfd5dfae5ef308c7f6bd706, txnid:'he, opcode:'h2, send_time:795, recv_time:795}
 mem[1804d] size=1,data=0ad0f176da4e8f3a827594e76ddf94e08b50334c4dfd5dfae5ef308c7f6bd706
[SCB] COMPARE PASS: DUT Data matches REF MEM Data. Addr 0x1804d, DATA =ad0f176da4e8f3a827594e76ddf94e08b50334c4dfd5dfae5ef308c7f6bd706, ref=ad0f176da4e8f3a827594e76ddf94e08b50334c4dfd5dfae5ef308c7f6bd706,0
                1010,zzz[4057]='{addr:'{tag:'h1, index:'h2, offset:'h17}, data:'hd5fc016405093b72b64119d6daa80326399c67e9f1576a3a02c1d5bea3439ba9, txnid:'ha, opcode:'h2, send_time:835, recv_time:835}
                1020,zzz[4057]='{addr:'{tag:'h1, index:'h2, offset:'h17}, data:'hd5fc016405093b72b64119d6daa80326399c67e9f1576a3a02c1d5bea3439ba9, txnid:'ha, opcode:'h2, send_time:835, recv_time:835}
[UP MONITOR] RECEIVE TX DATA = b94365ddc14792a38d949319d47af0af63dd747b056652cabcfbf5b092f8a004 !!
[UP MONITOR] RECEIVE ADDR = 0000c07a !!
[DOWN_DRV OUT OF ORDER] 3 pkt in ooo queue!!
[DOWN_MONITOR] get a txreq! total 13 txreq
[SCB COMAPRE] monitor pkt addr = 0000c07a, data=b94365ddc14792a38d949319d47af0af63dd747b056652cabcfbf5b092f8a004, txnid =  1
                1025,aaaa[4057]='{addr:'{tag:'h1, index:'h2, offset:'h17}, data:'hd5fc016405093b72b64119d6daa80326399c67e9f1576a3a02c1d5bea3439ba9, txnid:'ha, opcode:'h2, send_time:835, recv_time:835}
                1025,bbbb[4057]='{addr:'{tag:'h1, index:'h2, offset:'h17}, data:'hd5fc016405093b72b64119d6daa80326399c67e9f1576a3a02c1d5bea3439ba9, txnid:'ha, opcode:'h2, send_time:835, recv_time:835}
                1025,yyy[0000c07a]='{addr:'{tag:'h3, index:'h3, offset:'h1a}, data:'hb94365ddc14792a38d949319d47af0af63dd747b056652cabcfbf5b092f8a004, txnid:'h1, opcode:'h2, send_time:895, recv_time:895}
 mem[c07a] size=1,data=b94365ddc14792a38d949319d47af0af63dd747b056652cabcfbf5b092f8a004
[SCB] COMPARE PASS: DUT Data matches REF MEM Data. Addr 0xc07a, DATA =b94365ddc14792a38d949319d47af0af63dd747b056652cabcfbf5b092f8a004, ref=b94365ddc14792a38d949319d47af0af63dd747b056652cabcfbf5b092f8a004,0
[SOCREBOARD] scoreboard get tx_req: txreq_addr = 00004052, txreq_txnid =  3
[SCOREBOARD] Scoreboard get up req: tag=     2, index=  3, id= 2
                1030,zzz[4057]='{addr:'{tag:'h1, index:'h2, offset:'h17}, data:'hd5fc016405093b72b64119d6daa80326399c67e9f1576a3a02c1d5bea3439ba9, txnid:'ha, opcode:'h2, send_time:835, recv_time:835}
[MEM_MODEL] READ mem[4052]=f1576a3a02c1d5bea3439ba9bb64e25b0c74b6bc4371bd6e8071de3cc273c5b2
[[DOWN_DRV] send RXDATA] mem[4052]=f1576a3a02c1d5bea3439ba9bb64e25b0c74b6bc4371bd6e8071de3cc273c5b2, txnid=3                1035
                1040,zzz[4057]='{addr:'{tag:'h1, index:'h2, offset:'h17}, data:'hd5fc016405093b72b64119d6daa80326399c67e9f1576a3a02c1d5bea3439ba9, txnid:'ha, opcode:'h2, send_time:835, recv_time:835}
[DOWN_DRV OUT OF ORDER] 3 pkt in ooo queue!!
[DOWN_MONITOR] get a txreq! total 14 txreq
[SOCREBOARD] scoreboard get tx_req: txreq_addr = 00008065, txreq_txnid =  2
[SCOREBOARD] Scoreboard get up req: tag=     5, index=  5, id=12
                1050,zzz[4057]='{addr:'{tag:'h1, index:'h2, offset:'h17}, data:'hd5fc016405093b72b64119d6daa80326399c67e9f1576a3a02c1d5bea3439ba9, txnid:'ha, opcode:'h2, send_time:835, recv_time:835}
[UP MONITOR] RECEIVE TX DATA = f1576a3a02c1d5bea3439ba9bb64e25b0c74b6bc4371bd6e8071de3cc273c5b2 !!
[UP MONITOR] RECEIVE ADDR = 00004052 !!
[MEM_MODEL] READ mem[140b9]=b2f6687ae29fc07fa7425e290136bbb218678c6863b7eef9113cc1eb57d37f30
[[DOWN_DRV] send RXDATA] mem[140b9]=b2f6687ae29fc07fa7425e290136bbb218678c6863b7eef9113cc1eb57d37f30, txnid=c                1055
[SCB COMAPRE] monitor pkt addr = 00004052, data=f1576a3a02c1d5bea3439ba9bb64e25b0c74b6bc4371bd6e8071de3cc273c5b2, txnid =  3
                1055,aaaa[4057]='{addr:'{tag:'h1, index:'h2, offset:'h17}, data:'hd5fc016405093b72b64119d6daa80326399c67e9f1576a3a02c1d5bea3439ba9, txnid:'ha, opcode:'h2, send_time:835, recv_time:835}
                1055,bbbb[4057]='{addr:'{tag:'h1, index:'h2, offset:'h17}, data:'hd5fc016405093b72b64119d6daa80326399c67e9f1576a3a02c1d5bea3439ba9, txnid:'ha, opcode:'h2, send_time:835, recv_time:835}
                1055,yyy[00004052]='{addr:'{tag:'h1, index:'h2, offset:'h12}, data:'hf1576a3a02c1d5bea3439ba9bb64e25b0c74b6bc4371bd6e8071de3cc273c5b2, txnid:'h3, opcode:'h2, send_time:825, recv_time:825}
 mem[4052] size=1,data=f1576a3a02c1d5bea3439ba9bb64e25b0c74b6bc4371bd6e8071de3cc273c5b2
[SCB] COMPARE PASS: DUT Data matches REF MEM Data. Addr 0x4052, DATA =f1576a3a02c1d5bea3439ba9bb64e25b0c74b6bc4371bd6e8071de3cc273c5b2, ref=f1576a3a02c1d5bea3439ba9bb64e25b0c74b6bc4371bd6e8071de3cc273c5b2,0
                1060,zzz[4057]='{addr:'{tag:'h1, index:'h2, offset:'h17}, data:'hd5fc016405093b72b64119d6daa80326399c67e9f1576a3a02c1d5bea3439ba9, txnid:'ha, opcode:'h2, send_time:835, recv_time:835}
                1070,zzz[4057]='{addr:'{tag:'h1, index:'h2, offset:'h17}, data:'hd5fc016405093b72b64119d6daa80326399c67e9f1576a3a02c1d5bea3439ba9, txnid:'ha, opcode:'h2, send_time:835, recv_time:835}
[UP MONITOR] RECEIVE TX DATA = b2f6687ae29fc07fa7425e290136bbb218678c6863b7eef9113cc1eb57d37f30 !!
[UP MONITOR] RECEIVE ADDR = 000140b9 !!
[MEM_MODEL] READ mem[8065]=8e77fc46020b6d46b5eb497b2a7b9057d6df485a9337de0457f3e7bdce27de6e
[[DOWN_DRV] send RXDATA] mem[8065]=8e77fc46020b6d46b5eb497b2a7b9057d6df485a9337de0457f3e7bdce27de6e, txnid=2                1075
[SCB COMAPRE] monitor pkt addr = 000140b9, data=b2f6687ae29fc07fa7425e290136bbb218678c6863b7eef9113cc1eb57d37f30, txnid = 12
                1075,aaaa[4057]='{addr:'{tag:'h1, index:'h2, offset:'h17}, data:'hd5fc016405093b72b64119d6daa80326399c67e9f1576a3a02c1d5bea3439ba9, txnid:'ha, opcode:'h2, send_time:835, recv_time:835}
                1075,bbbb[4057]='{addr:'{tag:'h1, index:'h2, offset:'h17}, data:'hd5fc016405093b72b64119d6daa80326399c67e9f1576a3a02c1d5bea3439ba9, txnid:'ha, opcode:'h2, send_time:835, recv_time:835}
                1075,yyy[000140b9]='{addr:'{tag:'h5, index:'h5, offset:'h19}, data:'hb2f6687ae29fc07fa7425e290136bbb218678c6863b7eef9113cc1eb57d37f30, txnid:'hc, opcode:'h2, send_time:975, recv_time:975}
 mem[140b9] size=1,data=b2f6687ae29fc07fa7425e290136bbb218678c6863b7eef9113cc1eb57d37f30
[SCB] COMPARE PASS: DUT Data matches REF MEM Data. Addr 0x140b9, DATA =b2f6687ae29fc07fa7425e290136bbb218678c6863b7eef9113cc1eb57d37f30, ref=b2f6687ae29fc07fa7425e290136bbb218678c6863b7eef9113cc1eb57d37f30,0
                1080,zzz[4057]='{addr:'{tag:'h1, index:'h2, offset:'h17}, data:'hd5fc016405093b72b64119d6daa80326399c67e9f1576a3a02c1d5bea3439ba9, txnid:'ha, opcode:'h2, send_time:835, recv_time:835}
[UP MONITOR] RECEIVE TX DATA = 0000000000000000000000000000000000000000000000000000000000000000 !!
[UP MONITOR] RECEIVE ADDR = 00004057 !!
[SCB COMAPRE] monitor pkt addr = 00004057, data=0000000000000000000000000000000000000000000000000000000000000000, txnid = 10
                1085,aaaa[4057]='{addr:'{tag:'h1, index:'h2, offset:'h17}, data:'hd5fc016405093b72b64119d6daa80326399c67e9f1576a3a02c1d5bea3439ba9, txnid:'ha, opcode:'h2, send_time:835, recv_time:835}
                1085,bbbb[4057]='{addr:'{tag:'h1, index:'h2, offset:'h17}, data:'hd5fc016405093b72b64119d6daa80326399c67e9f1576a3a02c1d5bea3439ba9, txnid:'ha, opcode:'h2, send_time:835, recv_time:835}
                1085,yyy[00004057]='{addr:'{tag:'h1, index:'h2, offset:'h17}, data:'hd5fc016405093b72b64119d6daa80326399c67e9f1576a3a02c1d5bea3439ba9, txnid:'ha, opcode:'h2, send_time:835, recv_time:835}
 mem[4057] size=1,data=d5fc016405093b72b64119d6daa80326399c67e9f1576a3a02c1d5bea3439ba9
Error: "/data/usr/xuemy/try/cache_v1/icache_v1_1008_release//new_testbench/scoreboard.sv", 79: $unit::\icache_scoreboard::compare_data : at time 1085 ns
[SCB] COMPARE FAIL: DUT Data dont match REF MEM Data.
[SCB] ADDR = 00004057, DUT DATA = 0000000000000000000000000000000000000000000000000000000000000000,REF DATA = d5fc016405093b72b64119d6daa80326399c67e9f1576a3a02c1d5bea3439ba9
[UP MONITOR] RECEIVE TX DATA = 8e77fc46020b6d46b5eb497b2a7b9057d6df485a9337de0457f3e7bdce27de6e !!
[UP MONITOR] RECEIVE ADDR = 00008065 !!
[MEM_MODEL] READ mem[10020]=fe6cafebbe15a1823c38a45a0b874a62cd5204f9f777ed338ca9755b440cb14d
[[DOWN_DRV] send RXDATA] mem[10020]=fe6cafebbe15a1823c38a45a0b874a62cd5204f9f777ed338ca9755b440cb14d, txnid=0                1095
[SCB COMAPRE] monitor pkt addr = 00008065, data=8e77fc46020b6d46b5eb497b2a7b9057d6df485a9337de0457f3e7bdce27de6e, txnid =  2
                1095,aaaa[4057]=null
                1095,bbbb[4057]=null
                1095,yyy[00008065]='{addr:'{tag:'h2, index:'h3, offset:'h5}, data:'h8e77fc46020b6d46b5eb497b2a7b9057d6df485a9337de0457f3e7bdce27de6e, txnid:'h2, opcode:'h2, send_time:945, recv_time:945}
 mem[8065] size=1,data=8e77fc46020b6d46b5eb497b2a7b9057d6df485a9337de0457f3e7bdce27de6e
[SCB] COMPARE PASS: DUT Data matches REF MEM Data. Addr 0x8065, DATA =8e77fc46020b6d46b5eb497b2a7b9057d6df485a9337de0457f3e7bdce27de6e, ref=8e77fc46020b6d46b5eb497b2a7b9057d6df485a9337de0457f3e7bdce27de6e,0
[UP MONITOR] RECEIVE TX DATA = fe6cafebbe15a1823c38a45a0b874a62cd5204f9f777ed338ca9755b440cb14d !!
[UP MONITOR] RECEIVE ADDR = 00010020 !!
[SCB COMAPRE] monitor pkt addr = 00010020, data=fe6cafebbe15a1823c38a45a0b874a62cd5204f9f777ed338ca9755b440cb14d, txnid =  0
                1115,aaaa[4057]=null
                1115,bbbb[4057]=null
                1115,yyy[00010020]='{addr:'{tag:'h4, index:'h1, offset:'h0}, data:'hfe6cafebbe15a1823c38a45a0b874a62cd5204f9f777ed338ca9755b440cb14d, txnid:'h0, opcode:'h2, send_time:935, recv_time:935}
 mem[10020] size=1,data=fe6cafebbe15a1823c38a45a0b874a62cd5204f9f777ed338ca9755b440cb14d
[SCB] COMPARE PASS: DUT Data matches REF MEM Data. Addr 0x10020, DATA =fe6cafebbe15a1823c38a45a0b874a62cd5204f9f777ed338ca9755b440cb14d, ref=fe6cafebbe15a1823c38a45a0b874a62cd5204f9f777ed338ca9755b440cb14d,0
PACKET CNT        =          15
FIRST_SEND_TIME   =         705
LAST_RECV_TIME    =        1115
BAND_WIDTH        = 1.170732
MAX_LATENCY       =         250
MIN_LATENCY       =          50
AVERAGE_LATENCY   =                  127
UP_DRV_NUM        =          15
MISS REQ NUM      =          14
HIT RATE          = 6.67%
------------------------------------TC FAILED------------------------------------
$finish called from file "/data/usr/xuemy/try/cache_v1/icache_v1_1008_release//new_testbench/test.sv", line 49.
$finish at simulation time                10500
           V C S   S i m u l a t i o n   R e p o r t 
Time: 10500 ns
CPU Time:      0.300 seconds;       Data structure size:   0.1Mb
Mon Dec 23 10:17:55 2024
CPU time: 1.006 seconds to compile + .356 seconds to elab + .372 seconds to link + .335 seconds in simulation
Verdi KDB elaboration done and the database successfully generated: 0 error(s), 2 warning(s)
