
################################################################################
#
# This file has been generated by SpyGlass:
#     Report Name      : moresimple
#     Report Created by: 
#     Report Created on: 
#     Working Directory: 
#     Report Location  : /home/xuemengyuan/try/cache_v1/icache/work/lint/workspace/lint/icache_top/mygoal/spyglass_spysch/dw/SPY_PRECOMPILED_LIBS/dware_compile_work/spyglass_reports/moresimple.rpt
#     SpyGlass Version : 
#     Policy Name      : SpyGlass(SpyGlass_vT-2022.06-1)
#
#     Total Number of Generated Messages :          1
#     Number of Waived Messages          :          0
#     Number of Reported Messages        :          1
#     Number of Overlimit Messages       :          0
#
#
################################################################################

+++++++++++++++++++++++++++++++++++++++++++++++++++++++++++++++++++++++
MORESIMPLE REPORT:
ID       Rule             Alias            Severity    File    Line    Wt    Message
======================================================================================
[0]      SortVhdlFiles    SortVhdlFiles    Info        N.A.    0       2     VHDL files have been sorted by SpyGlass
+++++++++++++++++++++++++++++++++++++++++++++++++++++++++++++++++++++++++++++++++++++++
