
################################################################################
#
# This file has been generated by SpyGlass:
#     Report Name      : no_msg_reporting_rules
#     Report Created by: 
#     Report Created on: 
#     Working Directory: 
#     Report Location  : /home/xuemengyuan/try/cache_v1/icache/work/lint/workspace/lint/icache_top/mygoal/spyglass_spysch/dw/SPY_PRECOMPILED_LIBS/dware_compile_work/spyglass_reports/no_msg_reporting_rules.rpt
#     SpyGlass Version : 
#     Policy Name      : SpyGlass(SpyGlass_vT-2022.06-1)
#
#     Total Number of Generated Messages :          1
#     Number of Waived Messages          :          0
#     Number of Reported Messages        :          1
#     Number of Overlimit Messages       :          0
#
#
################################################################################

NO VIOLATION RULE REPORT :
++++++++++++++++++++++++++++++++++++++++++++++++++++++++++++++++++++++++++++++++

There are no rules which produce zero violation or completely waived off during spyglass run.

++++++++++++++++++++++++++++++++++++++++++++++++++++++++++++++++++++++++++++++++
