
                        SpyGlass Predictive Analyzer (R)
                              Synopsys TestMAX(TM)

                Version T-2022.06-1 for linux64 - Jul 23, 2022 

                    Copyright (c) 2001 - 2022 Synopsys, Inc.
   This software and the associated documentation are proprietary to Synopsys,
 Inc. This software may only be used in accordance with the terms and conditions
 of a written license agreement with Synopsys, Inc. All other use, reproduction,
   or distribution of this software is strictly prohibited.  Licensed Products
     communicate with Synopsys servers for the purpose of providing software
    updates, detecting software piracy and verifying that customers are using
    Licensed Products in conformity with the applicable License Key for such
  Licensed Products. Synopsys will use information gathered in connection with
    this process to deliver software updates and pursue software pirates and
                                   infringers.

 Inclusivity & Diversity - Visit SolvNetPlus to read the "Synopsys Statement on
            Inclusivity and Diversity" (Refer to article 000036315 at
                        https://solvnetplus.synopsys.com)



To access quickstart manual, please use `man quickstart'

INFO: executing tcl startup file `/home/xuemengyuan/try/cache_v1/icache/work/lint/setup/run.tcl' ...
start to open /home/xuemengyuan/try/cache_v1/icache/work/lint/.pipe/fde_print.pipe
open success.
[FDE_INFO] #########################################################
[FDE_INFO] |lint| start |from /home/xuemengyuan/try/cache/lint.tcl|
[FDE_INFO] this is lint flow root.
[FDE_INFO] #########################################################
[FDE_INFO] |lint.setup| start |from /home/xuemengyuan/try/cache/lint.tcl|
[FDE_INFO] |lint.setup| Finish, use 0 seconds..

[FDE_INFO] #########################################################
[FDE_INFO] |lint.user_config| start |from /home/xuemengyuan/try/cache_v1/icache/qc/lint.tcl|
[FDE_INFO] |lint.user_config| Finish, use 0 seconds..

[FDE_INFO] #########################################################
[FDE_INFO] |lint.run| start |from /home/xuemengyuan/try/cache/lint.tcl|
[FDE_INFO] this is lint run stage
current_methodology: info: methodology is now `/tools/software/synopsys/spyglass/T-2022.06-1/SPYGLASS_HOME/GuideWare/latest/block/rtl_handoff'
[FDE_INFO] Start to set design top name as "icache_top".
[FDE_INFO] Start to read design filelist:/home/xuemengyuan/try/cache_v1/icache/icache_filelist.f.
read_file -type hdl /home/xuemengyuan/try/cache_v1/icache/toy_pack.sv
read_file -type hdl /home/xuemengyuan/try/cache_v1/icache/icache_top.sv
read_file -type hdl /home/xuemengyuan/try/cache_v1/icache/cmn_lead_one.sv
read_file -type hdl /home/xuemengyuan/try/cache_v1/icache/cmn_onehot2bin.sv
read_file -type hdl /home/xuemengyuan/try/cache_v1/icache/cmn_onehot2bin2.sv
read_file -type hdl /home/xuemengyuan/try/cache_v1/icache/icache_req_arbiter.sv
read_file -type hdl /home/xuemengyuan/try/cache_v1/icache/fix_priority_arb.sv
read_file -type hdl /home/xuemengyuan/try/cache_v1/icache/icache_tag_array_ctrl.sv
read_file -type hdl /home/xuemengyuan/try/cache_v1/icache/icache_prefetch_engine.sv
read_file -type hdl /home/xuemengyuan/try/cache_v1/icache/icache_mshr_entry.sv
read_file -type hdl /home/xuemengyuan/try/cache_v1/icache/icache_mshr_file.sv
read_file -type hdl /home/xuemengyuan/try/cache_v1/icache/icache_data_array_ctrl.sv
read_file -type hdl /home/xuemengyuan/try/cache_v1/icache/mem/toy_mem_model_bit.sv
read_file -type hdl /home/xuemengyuan/try/cache_v1/icache/pre_allocate.sv
read_file -type hdl /home/xuemengyuan/try/cache_v1/icache/vrp_arb.sv
read_file -type hdl /home/xuemengyuan/try/cache_v1/icache/hazard_check.sv
read_file -type hdl /home/xuemengyuan/try/cache_v1/icache/v_en_decode.sv
read_file -type hdl /home/xuemengyuan/try/cache_v1/icache/v_en_decode1.sv
read_file -type hdl /home/xuemengyuan/try/cache_v1/icache/cmn_real_mux_onehot.sv
read_file -type hdl /home/xuemengyuan/try/cache_v1/icache/arb_vrp.sv
read_file -type hdl /home/xuemengyuan/try/cache_v1/icache/arb_fp.sv
read_file -type hdl /home/xuemengyuan/try/cache_v1/icache/icache_top_tb.sv
[FDE_INFO] Start to read lint waiver:/home/xuemengyuan/try/cache_v1/icache/qc/lint.awl.
[FDE_INFO] start to read sdc/library and setup.
[FDE_INFO] lint use step:syn and check:setup view.
[FDE_INFO] No view in step:syn and check:setup, use spyglass default lib and no sdc loaded.
current_methodology: info: methodology is now `/tools/software/synopsys/spyglass/T-2022.06-1/SPYGLASS_HOME/GuideWare/latest/block/rtl_handoff'
current_goal: info: loading goal `mygoal' with top `icache_top' (in progress)

WARNING [38]    Following rule(s) are perquisite for running other rules and hence, cannot be ignored:
    Prereqs_RegInputOutputs
    Prereqs_RegOutputs
    STARC05-AlwaysParamSetup
current_goal: info: finished loading goal `mygoal' (ok)

Precompiling DW Libraries ...

 Auto-compiling gates libraries

        "/tools/software/synopsys/spyglass/T-2022.06-1/SPYGLASS_HOME/examples/sg_shell/design_query/example.lib"
    to
        "/home/xuemengyuan/try/cache_v1/icache/work/lint/workspace/lint/spyglass_cache/autogenerated_sglib/aggregate.sglib" ...done

 (Please refer to `/home/xuemengyuan/try/cache_v1/icache/work/lint/workspace/lint/spyglass_cache/autogenerated_sglib/lc/spyglass_lc_aggregate_reports/moresimple.rpt' for auto-compilation details)

 Using above compiled sglib for the current run ...

RULE-CHECKING IN MIXED MODE
Loading spyglass (SpyGlass_vT-2022.06-1) ... (picked from /tools/software/synopsys/spyglass/T-2022.06-1/SPYGLASS_HOME/policies/spyglass)
Loading lint (SpyGlass_vT-2022.06-1) ... (picked from /tools/software/synopsys/spyglass/T-2022.06-1/SPYGLASS_HOME/policies/lint)
Loading starc (SpyGlass_vT-2022.06-1) ... (picked from /tools/software/synopsys/spyglass/T-2022.06-1/SPYGLASS_HOME/policies/starc)
Loading starc2002 (SpyGlass_vT-2022.06-1) ... (picked from /tools/software/synopsys/spyglass/T-2022.06-1/SPYGLASS_HOME/policies/starc2002)
Loading starc2005 (SpyGlass_vT-2022.06-1) ... (picked from /tools/software/synopsys/spyglass/T-2022.06-1/SPYGLASS_HOME/policies/starc2005)
Loading simulation (SpyGlass_vT-2022.06-1) ... (picked from /tools/software/synopsys/spyglass/T-2022.06-1/SPYGLASS_HOME/policies/simulation)
Loading latch (SpyGlass_vT-2022.06-1) ... (picked from /tools/software/synopsys/spyglass/T-2022.06-1/SPYGLASS_HOME/policies/latch)
Loading morelint (SpyGlass_vT-2022.06-1) ... (picked from /tools/software/synopsys/spyglass/T-2022.06-1/SPYGLASS_HOME/policies/morelint)
Loading openmore (SpyGlass_vT-2022.06-1) ... (picked from /tools/software/synopsys/spyglass/T-2022.06-1/SPYGLASS_HOME/policies/openmore)

WARNING [38]    Following rule(s) are perquisite for running other rules and hence, cannot be ignored:
    Prereqs_RegInputOutputs
    Prereqs_RegOutputs
    STARC05-AlwaysParamSetup
Loading Audits (SpyGlass_vT-2022.06-1) ... (picked from /tools/software/synopsys/spyglass/T-2022.06-1/SPYGLASS_HOME/policies/Audits)
Loading area (SpyGlass_vT-2022.06-1) ... (picked from /tools/software/synopsys/spyglass/T-2022.06-1/SPYGLASS_HOME/policies/area)
Loading miscellaneous (SpyGlass_vT-2022.06-1) ... (picked from /tools/software/synopsys/spyglass/T-2022.06-1/SPYGLASS_HOME/policies/miscellaneous)
Loading timing (SpyGlass_vT-2022.06-1) ... (picked from /tools/software/synopsys/spyglass/T-2022.06-1/SPYGLASS_HOME/policies/timing)
Loading starcad-21 (SpyGlass_vT-2022.06-1) ... (picked from /tools/software/synopsys/spyglass/T-2022.06-1/SPYGLASS_HOME/policies/starcad-21)
Loading erc (SpyGlass_vT-2022.06-1) ... (picked from /tools/software/synopsys/spyglass/T-2022.06-1/SPYGLASS_HOME/policies/erc)
Loading txv (SpyGlass_vT-2022.06-1) ... (picked from /tools/software/synopsys/spyglass/T-2022.06-1/SPYGLASS_HOME/policies/txv)

TXV_INFO Parameter txv_extract_domain will be renamed to txv_domain_mode in future!

Loading power_est (SpyGlass_vT-2022.06-1) ... (picked from /tools/software/synopsys/spyglass/T-2022.06-1/SPYGLASS_HOME/policies/power_est)
Loading lowpower (5.6.1) ... (picked from /tools/software/synopsys/spyglass/T-2022.06-1/SPYGLASS_HOME/policies/lowpower)
Loading dft_dsm (SpyGlass_vT-2022.06-1) ... (picked from /tools/software/synopsys/spyglass/T-2022.06-1/SPYGLASS_HOME/policies/dft_dsm)
Loading dft (SpyGlass_vT-2022.06-1) ... (picked from /tools/software/synopsys/spyglass/T-2022.06-1/SPYGLASS_HOME/policies/dft)
Loading constraints (SpyGlass_vT-2022.06-1) ... (picked from /tools/software/synopsys/spyglass/T-2022.06-1/SPYGLASS_HOME/policies/constraints)
Loading const_intern1 (SpyGlass_vT-2022.06-1) ... (picked from /tools/software/synopsys/spyglass/T-2022.06-1/SPYGLASS_HOME/policies/constraints)
Loading clock-reset (SpyGlass_vT-2022.06-1) ... (picked from /tools/software/synopsys/spyglass/T-2022.06-1/SPYGLASS_HOME/policies/clock)
Reading specified sglib files(s) ....
   Processing library: 'mylib_20c' .... done
Checking Rule AutoGenerateSglib (Rule 1 of total 1084) .... done (Time = 0.00s, Memory = 0.0K)

INFO [6]    Work Directory '/home/xuemengyuan/try/cache_v1/icache/work/lint/workspace/lint/icache_top/WORK' does not exist.

INFO [75]    Creating the Work Directory '/home/xuemengyuan/try/cache_v1/icache/work/lint/workspace/lint/icache_top/WORK/64' for 64bit  precompiled dump.
Checking Rule SGDC_power_est29 (Rule 2 of total 1084) .... done (Time = 0.00s, Memory = 0.0K)
Checking Rule PECHECK04 (Rule 3 of total 1084) .... done (Time = 0.01s, Memory = 8.0K)
Checking Rule PECHECK18 (Rule 4 of total 1084) .... done (Time = 0.00s, Memory = 0.0K)
Checking Rule PEMVDD01 (Rule 5 of total 1084) .... done (Time = 0.00s, Memory = 0.0K)
Checking Rule ZeroSizeFile (Rule 6 of total 1084) .... done (Time = 0.00s, Memory = 0.0K)
Checking Rule PrecompileLibCheck01 (Rule 7 of total 1084) .... done (Time = 0.00s, Memory = 0.0K)
Checking Rule PrecompileLibCheck02 (Rule 8 of total 1084) .... done (Time = 0.00s, Memory = 0.0K)
Checking Rule PrecompileLibCheck03 (Rule 9 of total 1084) .... done (Time = 0.00s, Memory = 0.0K)
Checking Rule PrecompileLibCheck04 (Rule 10 of total 1084) .... done (Time = 0.00s, Memory = 0.0K)
Checking Rule ReportSglibVersionSummary (Rule 11 of total 1084) .... done (Time = 0.00s, Memory = 24.0K)
Checking Rule AbstractInterface (Rule 12 of total 1084) .... done (Time = 0.00s, Memory = 0.0K)
Checking Rule ReportObsoleteRules (Rule 13 of total 1084) .... done (Time = 0.00s, Memory = 0.0K)
Checking Rule ReportDeprecatedRules (Rule 14 of total 1084) .... done (Time = 0.00s, Memory = 0.0K)
Checking Rule SGDC_assume_path01 (Rule 15 of total 1084) .... done (Time = 0.00s, Memory = 0.0K)
Checking Rule SGDC_sdcschema02 (Rule 16 of total 1084) .... done (Time = 0.00s, Memory = 32.0K)
Checking Rule SGDC_clock05 (Rule 17 of total 1084) .... done (Time = 0.00s, Memory = 0.0K)
Checking Rule SGDC_clock09 (Rule 18 of total 1084) .... done (Time = 0.00s, Memory = 0.0K)
Checking Rule SGDC_force_ta05 (Rule 19 of total 1084) .... done (Time = 0.00s, Memory = 0.0K)
Checking Rule SGDC_require_path03 (Rule 20 of total 1084) .... done (Time = 0.00s, Memory = -32.0K)
Checking Rule SGDC_require_value03 (Rule 21 of total 1084) .... done (Time = 0.00s, Memory = 32.0K)
Checking Rule SGDC_voltagedomain05 (Rule 22 of total 1084) .... done (Time = 0.00s, Memory = 8.0K)
Checking Rule SGDC_voltagedomain06 (Rule 23 of total 1084) .... done (Time = 0.00s, Memory = 0.0K)
Checking Rule SGDC_voltagedomain07 (Rule 24 of total 1084) .... done (Time = 0.00s, Memory = 16.0K)
Checking Rule SGDC_powerdomainoutputs02 (Rule 25 of total 1084) .... done (Time = 0.00s, Memory = 8.0K)
Checking Rule SGDC_supply01 (Rule 26 of total 1084) .... done (Time = 0.00s, Memory = 0.0K)
Checking Rule SGDC_waive01 (Rule 27 of total 1084) .... done (Time = 0.00s, Memory = 0.0K)
Checking Rule SGDC_waive02 (Rule 28 of total 1084) .... done (Time = 0.00s, Memory = 0.0K)
Checking Rule SGDC_waive03 (Rule 29 of total 1084) .... done (Time = 0.00s, Memory = 0.0K)
Checking Rule SGDC_waive04 (Rule 30 of total 1084) .... done (Time = 0.00s, Memory = 0.0K)
Checking Rule SGDC_waive05 (Rule 31 of total 1084) .... done (Time = 0.00s, Memory = 0.0K)
Checking Rule SGDC_waive06 (Rule 32 of total 1084) .... done (Time = 0.00s, Memory = 0.0K)
Checking Rule SGDC_waive07 (Rule 33 of total 1084) .... done (Time = 0.00s, Memory = 0.0K)
Checking Rule SGDC_waive08 (Rule 34 of total 1084) .... done (Time = 0.00s, Memory = 0.0K)
Checking Rule SGDC_waive09 (Rule 35 of total 1084) .... done (Time = 0.00s, Memory = 0.0K)
Checking Rule SGDC_waive10 (Rule 36 of total 1084) .... done (Time = 0.00s, Memory = 0.0K)
Checking Rule SGDC_waive11 (Rule 37 of total 1084) .... done (Time = 0.00s, Memory = 0.0K)
Checking Rule SGDC_waive12 (Rule 38 of total 1084) .... done (Time = 0.00s, Memory = 0.0K)
Checking Rule SGDC_waive13 (Rule 39 of total 1084) .... done (Time = 0.00s, Memory = 0.0K)
Checking Rule SGDC_waive21 (Rule 40 of total 1084) .... done (Time = 0.00s, Memory = 0.0K)
Checking Rule SGDC_waive22 (Rule 41 of total 1084) .... done (Time = 0.00s, Memory = 0.0K)
Checking Rule SGDC_waive30 (Rule 42 of total 1084) .... done (Time = 0.00s, Memory = 0.0K)
Checking Rule SGDC_waive32 (Rule 43 of total 1084) .... done (Time = 0.00s, Memory = 0.0K)
Checking Rule SGDC_waive33 (Rule 44 of total 1084) .... done (Time = 0.00s, Memory = 0.0K)
Checking Rule SGDC_waive36 (Rule 45 of total 1084) .... done (Time = 0.00s, Memory = 0.0K)
Checking Rule SGDC_waive38 (Rule 46 of total 1084) .... done (Time = 0.00s, Memory = 0.0K)
Checking Rule SGDC_fifo01 (Rule 47 of total 1084) .... done (Time = 0.00s, Memory = 32.0K)
Checking Rule SGDC_libgroup01 (Rule 48 of total 1084) .... done (Time = 0.00s, Memory = 0.0K)
Checking Rule SGDC_libgroup02 (Rule 49 of total 1084) .... done (Time = 0.00s, Memory = 0.0K)
Checking Rule SGDC_libgroup04 (Rule 50 of total 1084) .... done (Time = 0.00s, Memory = 0.0K)
Checking Rule SGDC_power_data01 (Rule 51 of total 1084) .... done (Time = 0.00s, Memory = 8.0K)
Checking Rule SGDC_ungroup01 (Rule 52 of total 1084) .... done (Time = 0.00s, Memory = 0.0K)
Checking Rule SGDC_abstract_port06 (Rule 53 of total 1084) .... done (Time = 0.00s, Memory = 8.0K)
Checking Rule SGDC_abstract_port14 (Rule 54 of total 1084) .... done (Time = 0.00s, Memory = 8.0K)
Checking Rule SGDC_abstract_port15 (Rule 55 of total 1084) .... done (Time = 0.00s, Memory = 0.0K)
Checking Rule SGDC_abstract_port18 (Rule 56 of total 1084) .... done (Time = 0.00s, Memory = 0.0K)
Checking Rule SDC2SGDC_INFO (Rule 57 of total 1084) .... done (Time = 0.00s, Memory = 88.0K)
Checking Rule SDC_ParamSanityCheck (Rule 58 of total 1084) .... done (Time = 0.00s, Memory = 32.0K)
Checking Rule SDC_Sanity_Rule (Rule 59 of total 1084)SDC-file translator read from path : /tools/software/synopsys/spyglass/T-2022.06-1/SPYGLASS_HOME/auxi/sdcparser
 .... done (Time = 0.00s, Memory = 0.0K)
Checking Rule sdc_init_rule (Rule 60 of total 1084) .... done (Time = 0.01s, Memory = 632.0K)
Checking Rule CMD_ignorelibs01 (Rule 61 of total 1084) .... done (Time = 0.00s, Memory = 0.0K)
Checking Rule ReportRuleNotRun (Rule 62 of total 1084) .... done (Time = 0.12s, Memory = 0.0K)
Checking Rule W143 (Rule 63 of total 1084) .... done (Time = 0.00s, Memory = 0.0K)
Checking Rule W326 (Rule 64 of total 1084) .... done (Time = 0.00s, Memory = 0.0K)
Checking Rule W348 (Rule 65 of total 1084) .... done (Time = 0.00s, Memory = 0.0K)
Checking Rule W442a (Rule 66 of total 1084) .... done (Time = 0.00s, Memory = 0.0K)
Checking Rule W442b (Rule 67 of total 1084) .... done (Time = 0.00s, Memory = 0.0K)
Checking Rule W442c (Rule 68 of total 1084) .... done (Time = 0.00s, Memory = 0.0K)
Checking Rule W442f (Rule 69 of total 1084) .... done (Time = 0.00s, Memory = 0.0K)
Checking Rule W182g (Rule 70 of total 1084) .... done (Time = 0.00s, Memory = 0.0K)
Checking Rule W182h (Rule 71 of total 1084) .... done (Time = 0.00s, Memory = 0.0K)
Checking Rule W182k (Rule 72 of total 1084) .... done (Time = 0.00s, Memory = 0.0K)
Checking Rule W182n (Rule 73 of total 1084) .... done (Time = 0.00s, Memory = 0.0K)
Checking Rule W546 (Rule 74 of total 1084) .... done (Time = 0.00s, Memory = 0.0K)
Checking Rule W561 (Rule 75 of total 1084) .... done (Time = 0.00s, Memory = 0.0K)
Checking Rule mixedsenselist (Rule 76 of total 1084) .... done (Time = 0.00s, Memory = 0.0K)
Checking Rule badimplicitSM1 (Rule 77 of total 1084) .... done (Time = 0.00s, Memory = 0.0K)
Checking Rule badimplicitSM2 (Rule 78 of total 1084) .... done (Time = 0.00s, Memory = 0.0K)
Checking Rule badimplicitSM4 (Rule 79 of total 1084) .... done (Time = 0.00s, Memory = 0.0K)
Checking Rule bothedges (Rule 80 of total 1084) .... done (Time = 0.00s, Memory = 0.0K)
Checking Rule readclock (Rule 81 of total 1084) .... done (Time = 0.00s, Memory = 0.0K)
Checking Rule infiniteloop (Rule 82 of total 1084) .... done (Time = 0.00s, Memory = 0.0K)
Checking Rule W208 (Rule 83 of total 1084) .... done (Time = 0.00s, Memory = 0.0K)
Checking Rule EntityStmt (Rule 84 of total 1084) .... done (Time = 0.00s, Memory = 0.0K)
Checking Rule AssertStmt (Rule 85 of total 1084) .... done (Time = 0.00s, Memory = 0.0K)
Checking Rule IntGeneric (Rule 86 of total 1084) .... done (Time = 0.00s, Memory = 0.0K)
Checking Rule BlockHeader (Rule 87 of total 1084) .... done (Time = 0.00s, Memory = 0.0K)
Checking Rule ForLoopWait (Rule 88 of total 1084) .... done (Time = 0.00s, Memory = 0.0K)
Checking Rule LoopBound (Rule 89 of total 1084) .... done (Time = 0.00s, Memory = 0.0K)
Checking Rule IncompleteType (Rule 90 of total 1084) .... done (Time = 0.00s, Memory = 0.0K)
Checking Rule DisconnSpec (Rule 91 of total 1084) .... done (Time = 0.00s, Memory = 0.0K)
Checking Rule LinkagePort (Rule 92 of total 1084) .... done (Time = 0.00s, Memory = 0.0K)
Checking Rule AllocExpr (Rule 93 of total 1084) .... done (Time = 0.00s, Memory = 0.0K)
Checking Rule UserDefAttr (Rule 94 of total 1084) .... done (Time = 0.00s, Memory = 0.0K)
Checking Rule PreDefAttr (Rule 95 of total 1084) .... done (Time = 0.00s, Memory = 0.0K)
Checking Rule PortType (Rule 96 of total 1084) .... done (Time = 0.00s, Memory = 0.0K)
Checking Rule ArrayEnumIndex (Rule 97 of total 1084) .... done (Time = 0.00s, Memory = 0.0K)
Checking Rule NoTimeOut (Rule 98 of total 1084) .... done (Time = 0.00s, Memory = 0.0K)
Checking Rule PhysicalTypes (Rule 99 of total 1084) .... done (Time = 0.00s, Memory = 0.0K)
Checking Rule W128 (Rule 100 of total 1084) .... done (Time = 0.00s, Memory = 0.0K)
Checking Rule W146 (Rule 101 of total 1084) .... done (Time = 0.00s, Memory = 0.0K)
Checking Rule W187 (Rule 102 of total 1084) .... done (Time = 0.00s, Memory = 0.0K)
Checking Rule W345 (Rule 103 of total 1084) .... done (Time = 0.00s, Memory = 0.0K)
Checking Rule W421 (Rule 104 of total 1084) .... done (Time = 0.00s, Memory = 0.0K)
Checking Rule STARC02-1.1.1.3a (Rule 105 of total 1084) .... done (Time = 0.00s, Memory = 0.0K)
Checking Rule STARC02-2.3.1.2c (Rule 106 of total 1084) .... done (Time = 0.00s, Memory = 0.0K)
Checking Rule STARC-2.3.1.2c (Rule 107 of total 1084) .... done (Time = 0.00s, Memory = 0.0K)
Checking Rule STARC05-2.1.4.1 (Rule 108 of total 1084) .... done (Time = 0.00s, Memory = 0.0K)
Checking Rule STARC02-1.1.1.3a (Rule 109 of total 1084) .... done (Time = 0.00s, Memory = 0.0K)
Checking Rule STARC02-3.2.3.1 (Rule 110 of total 1084) .... done (Time = 0.00s, Memory = 0.0K)
Checking Rule STARC02-2.1.6.5 (Rule 111 of total 1084) .... done (Time = 0.00s, Memory = 0.0K)
Checking Rule STARC05-1.1.1.3 (Rule 112 of total 1084) .... done (Time = 0.00s, Memory = 8.0K)
Checking Rule STARC05-2.3.1.2c (Rule 113 of total 1084) .... done (Time = 0.00s, Memory = 0.0K)
Checking Rule STARC05-1.1.1.3va (Rule 114 of total 1084) .... done (Time = 0.00s, Memory = 0.0K)
Checking Rule STARC05-3.2.3.1v (Rule 115 of total 1084) .... done (Time = 0.00s, Memory = 0.0K)
Checking Rule ReserveNameV2K-ML (Rule 116 of total 1084) .... done (Time = 0.00s, Memory = 0.0K)
Checking Rule SV09Construct-ML (Rule 117 of total 1084) .... done (Time = 0.00s, Memory = 0.0K)
Checking Rule MultiModuleInCellDefine-ML (Rule 118 of total 1084) .... done (Time = 0.00s, Memory = 0.0K)
Checking Rule NestedCellDefine-ML (Rule 119 of total 1084) .... done (Time = 0.00s, Memory = 0.0K)
Checking Rule MultipleFilesCellDefine-ML (Rule 120 of total 1084) .... done (Time = 0.00s, Memory = 0.0K)
Checking Rule NonStaticMacro-ML (Rule 121 of total 1084) .... done (Time = 0.00s, Memory = 0.0K)
Checking Rule ReserveNameSystemVerilog-ML (Rule 122 of total 1084) .... done (Time = 0.00s, Memory = 0.0K)
Checking Rule AMSKeyword-ML (Rule 123 of total 1084) .... done (Time = 0.00s, Memory = 0.0K)
Checking Rule ConcatInUnpacked-ML (Rule 124 of total 1084) .... done (Time = 0.00s, Memory = 0.0K)
Checking Rule InstanceNameRequired-ML (Rule 125 of total 1084) .... done (Time = 0.00s, Memory = 0.0K)
Checking Rule SpecifyBlockUsed-ML (Rule 126 of total 1084) .... done (Time = 0.00s, Memory = 0.0K)
Checking Rule ReserveNameV2K-ML (Rule 127 of total 1084) .... done (Time = 0.00s, Memory = 0.0K)
Checking Rule ReserveNameSystemVerilog-ML (Rule 128 of total 1084) .... done (Time = 0.00s, Memory = 0.0K)
Checking Rule ExprParen (Rule 129 of total 1084) .... done (Time = 0.00s, Memory = 0.0K)
Checking Rule ReserveName (Rule 130 of total 1084) .... done (Time = 0.00s, Memory = 0.0K)
Checking Rule ExprParen (Rule 131 of total 1084) .... done (Time = 0.00s, Memory = 0.0K)
Checking Rule ReserveName (Rule 132 of total 1084) .... done (Time = 0.00s, Memory = 0.0K)
Checking Rule NamedAssoc (Rule 133 of total 1084) .... done (Time = 0.00s, Memory = 0.0K)
Checking Rule ReportStopSummary (Rule 134 of total 1084) .... done (Time = 0.00s, Memory = 0.0K)
Checking Rule ReportIgnoreSummary (Rule 135 of total 1084) .... done (Time = 0.00s, Memory = 0.0K)
 Analyzing source file "/home/xuemengyuan/try/cache_v1/icache/toy_pack.sv" ....
 Analyzing source file "/home/xuemengyuan/try/cache_v1/icache/icache_top.sv" ....
 Analyzing source file "/home/xuemengyuan/try/cache_v1/icache/cmn_lead_one.sv" ....
 Analyzing source file "/home/xuemengyuan/try/cache_v1/icache/cmn_onehot2bin.sv" ....
 Analyzing source file "/home/xuemengyuan/try/cache_v1/icache/cmn_onehot2bin2.sv" ....
 Analyzing source file "/home/xuemengyuan/try/cache_v1/icache/icache_req_arbiter.sv" ....
 Analyzing source file "/home/xuemengyuan/try/cache_v1/icache/fix_priority_arb.sv" ....
 Analyzing source file "/home/xuemengyuan/try/cache_v1/icache/icache_tag_array_ctrl.sv" ....
 Analyzing source file "/home/xuemengyuan/try/cache_v1/icache/icache_prefetch_engine.sv" ....
 Analyzing source file "/home/xuemengyuan/try/cache_v1/icache/icache_mshr_entry.sv" ....
 Analyzing source file "/home/xuemengyuan/try/cache_v1/icache/icache_mshr_file.sv" ....
 Analyzing source file "/home/xuemengyuan/try/cache_v1/icache/icache_data_array_ctrl.sv" ....
 Analyzing source file "/home/xuemengyuan/try/cache_v1/icache/mem/toy_mem_model_bit.sv" ....
 Analyzing source file "/home/xuemengyuan/try/cache_v1/icache/pre_allocate.sv" ....
 Analyzing source file "/home/xuemengyuan/try/cache_v1/icache/vrp_arb.sv" ....
 Analyzing source file "/home/xuemengyuan/try/cache_v1/icache/hazard_check.sv" ....
 Analyzing source file "/home/xuemengyuan/try/cache_v1/icache/v_en_decode.sv" ....
 Analyzing source file "/home/xuemengyuan/try/cache_v1/icache/v_en_decode1.sv" ....
 Analyzing source file "/home/xuemengyuan/try/cache_v1/icache/cmn_real_mux_onehot.sv" ....
 Analyzing source file "/home/xuemengyuan/try/cache_v1/icache/arb_vrp.sv" ....
 Analyzing source file "/home/xuemengyuan/try/cache_v1/icache/arb_fp.sv" ....
 Analyzing source file "/home/xuemengyuan/try/cache_v1/icache/icache_top_tb.sv" ....
***Syntax Errors detected - RULE CHECKING ABORTED***
Checking Rule ReportCheckDataSummary (Rule 136 of total 1084) .... done (Time = 0.00s, Memory = 0.0K)

SpyGlass Rule Checking ABORTED.

Generating data for Console...

Generating moresimple report from '/home/xuemengyuan/try/cache_v1/icache/work/lint/workspace/lint/icache_top/mygoal/spyglass.vdb' to '/home/xuemengyuan/try/cache_v1/icache/work/lint/workspace/lint/icache_top/mygoal/spyglass_reports/moresimple.rpt' ....

Generating runsummary report from '/home/xuemengyuan/try/cache_v1/icache/work/lint/workspace/lint/icache_top/mygoal/spyglass.vdb' ....
