################################################################################
#
# This file has been generated by SpyGlass:
#     Report Created by: xuemengyuan
#     Report Created on: Tue Oct  8 16:09:01 2024
#     Working Directory: /home/xuemengyuan/try/cache_v1/icache/work/lint/workspace
#     Report Location  : /home/xuemengyuan/try/cache_v1/icache/work/lint/workspace/lint/icache_top/mygoal/spyglass_spysch/dw/SPY_PRECOMPILED_LIBS/dw_libs_all_compile_work/spyglass_reports/SpyGlass/sort_summary.rpt
#     SpyGlass Version : SpyGlass_vT-2022.06-1
#     Policy Name      : SpyGlass(SpyGlass_vT-2022.06-1)
#     Comment          : This report gives VHDL files in sorted order of dependencies.
#
################################################################################


Sort Summary Report for User's Design
================================================================================


Printing VHDL Files in Sorted Order of dependencies
++++++++++++++++++++++++++++++++++++++++++++++++++++++++++++++++++++++++++++++++
/tools/software/synopsys/syn/T-2022.03-SP2/bin/../dw/dw05/src/DW05_components.vhd 
/tools/software/synopsys/syn/T-2022.03-SP2/bin/../dw/dw06/src/DW06_components.vhd 
/tools/software/synopsys/syn/T-2022.03-SP2/bin/../dw/dw04/src/DW04_components.vhd 
/tools/software/synopsys/syn/T-2022.03-SP2/bin/../dw/dw03/src/DW03_components.vhd 
/tools/software/synopsys/syn/T-2022.03-SP2/bin/../dw/dw01/src/DW01_components.vhd 
/tools/software/synopsys/syn/T-2022.03-SP2/bin/../dw/dw02/src/DW02_components.vhd 


Printing VHDL File Dependencies
++++++++++++++++++++++++++++++++++++++++++++++++++++++++++++++++++++++++++++++++


Printing Files Hierarchy Information 
++++++++++++++++++++++++++++++++++++++++++++++++++++++++++++++++++++++++++++++++
/tools/software/synopsys/syn/T-2022.03-SP2/bin/../dw/dw02/src/DW02_components.vhd (top-level)
/tools/software/synopsys/syn/T-2022.03-SP2/bin/../dw/dw01/src/DW01_components.vhd (top-level)
/tools/software/synopsys/syn/T-2022.03-SP2/bin/../dw/dw03/src/DW03_components.vhd (top-level)
/tools/software/synopsys/syn/T-2022.03-SP2/bin/../dw/dw04/src/DW04_components.vhd (top-level)
/tools/software/synopsys/syn/T-2022.03-SP2/bin/../dw/dw06/src/DW06_components.vhd (top-level)
/tools/software/synopsys/syn/T-2022.03-SP2/bin/../dw/dw05/src/DW05_components.vhd (top-level)
