################################################################################
#
# This file has been generated by SpyGlass:
#     Report Created by: xuemengyuan
#     Report Created on: Tue Oct  8 16:08:58 2024
#     Working Directory: /home/xuemengyuan/try/cache_v1/icache/work/lint/workspace
#     Report Location  : /home/xuemengyuan/try/cache_v1/icache/work/lint/workspace/lint/icache_top/mygoal/spyglass_spysch/dw/SPY_PRECOMPILED_LIBS/dware_compile_work/spyglass_reports/SpyGlass/sort_summary.rpt
#     SpyGlass Version : SpyGlass_vT-2022.06-1
#     Policy Name      : SpyGlass(SpyGlass_vT-2022.06-1)
#     Comment          : This report gives VHDL files in sorted order of dependencies.
#
################################################################################


Sort Summary Report for User's Design
================================================================================


Printing VHDL Files in Sorted Order of dependencies
++++++++++++++++++++++++++++++++++++++++++++++++++++++++++++++++++++++++++++++++
/tools/software/synopsys/syn/T-2022.03-SP2/bin/../packages/dware/src/DWpackages_n.vhd 
/tools/software/synopsys/syn/T-2022.03-SP2/bin/../packages/dware/src/DWpackages.vhd 
/tools/software/synopsys/syn/T-2022.03-SP2/bin/../packages/dware/src/DWmath.vhd 
/tools/software/synopsys/syn/T-2022.03-SP2/bin/../packages/dware/src/DW_dp_functions_sim.vhd 
/tools/software/synopsys/syn/T-2022.03-SP2/bin/../packages/dware/src/DW_dp_functions_arith_sim.vhd 
/tools/software/synopsys/syn/T-2022.03-SP2/bin/../packages/dware/src/DW_Foundation_comp_arith.vhd 
/tools/software/synopsys/syn/T-2022.03-SP2/bin/../packages/dware/src/DW_Foundation_comp.vhd 
/tools/software/synopsys/syn/T-2022.03-SP2/bin/../packages/dware/src/DW_Foundation_arith.vhd 
/tools/software/synopsys/syn/T-2022.03-SP2/bin/../packages/dware/src/DW_Foundation.vhd 


Printing VHDL File Dependencies
++++++++++++++++++++++++++++++++++++++++++++++++++++++++++++++++++++++++++++++++
File Dependencies for:  /tools/software/synopsys/syn/T-2022.03-SP2/bin/../packages/dware/src/DW_Foundation_comp.vhd 
    /tools/software/synopsys/syn/T-2022.03-SP2/bin/../packages/dware/src/DWpackages_n.vhd 
File Dependencies for:  /tools/software/synopsys/syn/T-2022.03-SP2/bin/../packages/dware/src/DW_Foundation_comp_arith.vhd 
    /tools/software/synopsys/syn/T-2022.03-SP2/bin/../packages/dware/src/DWpackages.vhd 
File Dependencies for:  /tools/software/synopsys/syn/T-2022.03-SP2/bin/../packages/dware/src/DW_dp_functions_arith_sim.vhd 
    /tools/software/synopsys/syn/T-2022.03-SP2/bin/../packages/dware/src/DW_dp_functions_sim.vhd 
File Dependencies for:  /tools/software/synopsys/syn/T-2022.03-SP2/bin/../packages/dware/src/DW_dp_functions_sim.vhd 
    /tools/software/synopsys/syn/T-2022.03-SP2/bin/../packages/dware/src/DWpackages.vhd 


Printing Files Hierarchy Information 
++++++++++++++++++++++++++++++++++++++++++++++++++++++++++++++++++++++++++++++++
/tools/software/synopsys/syn/T-2022.03-SP2/bin/../packages/dware/src/DW_Foundation.vhd (top-level)
/tools/software/synopsys/syn/T-2022.03-SP2/bin/../packages/dware/src/DW_Foundation_arith.vhd (top-level)
/tools/software/synopsys/syn/T-2022.03-SP2/bin/../packages/dware/src/DW_Foundation_comp.vhd (top-level)
    /tools/software/synopsys/syn/T-2022.03-SP2/bin/../packages/dware/src/DWpackages_n.vhd 
/tools/software/synopsys/syn/T-2022.03-SP2/bin/../packages/dware/src/DW_Foundation_comp_arith.vhd (top-level)
    /tools/software/synopsys/syn/T-2022.03-SP2/bin/../packages/dware/src/DWpackages.vhd 
/tools/software/synopsys/syn/T-2022.03-SP2/bin/../packages/dware/src/DW_dp_functions_arith_sim.vhd (top-level)
    /tools/software/synopsys/syn/T-2022.03-SP2/bin/../packages/dware/src/DW_dp_functions_sim.vhd 
      /tools/software/synopsys/syn/T-2022.03-SP2/bin/../packages/dware/src/DWpackages.vhd 
/tools/software/synopsys/syn/T-2022.03-SP2/bin/../packages/dware/src/DWmath.vhd (top-level)
