version: (200506)

available memory: 64M bytes
used memory: 565248 bytes [need 552K bytes if disable swap]

used block: 20 [memory(20) file(0)]
                 [ 8K(13) 64K(7) { total 552K bytes } ]
overhead: (9538) bytes for (20) blocks [Average: (476) bytes/block]

write  => 0(times) 0K(bytes) [0K bytes to file]
read   => 7(times) 230K(bytes) [40K bytes compressed data from file]
access => 433113(times) 3411M(bytes)
          [hit ratio: 99.9984%]

time: write(0) read(0)  unit: second

swap file directory: (/data/usr/xuemy/try/cache_v1/icache_v1_1008_release/work/rtl_sim/verdiLog)
used swap file number: (8)



swap file manager:
arrSize: (256)
idxCnt: (9)
closeHead: (1)
closeTail: (8)
openCnt: (8)
fid(8): fd(1073741830) fileName(/data/usr/xuemy/try/cache_v1/icache_v1_1008_release/work/rtl_sim/simv.daidir/kdb.elab++/work.lib++/icache_data_array_ctrl.sv.tdc)
	size(6241) lastModTime(1729417131) curModTime(1729417131)
	mode(rb)	hot(0) cool(7) pos(0)
fid(7): fd(1073741829) fileName(/data/usr/xuemy/try/cache_v1/icache_v1_1008_release/work/rtl_sim/simv.daidir/kdb.elab++/work.lib++/icache_tag_array_ctrl.sv.tdc)
	size(9513) lastModTime(1729417131) curModTime(1729417131)
	mode(rb)	hot(8) cool(6) pos(0)
fid(6): fd(1073741828) fileName(/data/usr/xuemy/try/cache_v1/icache_v1_1008_release/work/rtl_sim/simv.daidir/kdb.elab++/work.lib++/icache_mshr_entry.sv.tdc)
	size(6611) lastModTime(1729417131) curModTime(1729417131)
	mode(rb)	hot(7) cool(5) pos(0)
fid(5): fd(1073741827) fileName(/data/usr/xuemy/try/cache_v1/icache_v1_1008_release/work/rtl_sim/simv.daidir/kdb.elab++/work.lib++/icache_mshr_file.sv.tdc)
	size(11159) lastModTime(1729417131) curModTime(1729417131)
	mode(rb)	hot(6) cool(4) pos(0)
fid(4): fd(1073741826) fileName(/data/usr/xuemy/try/cache_v1/icache_v1_1008_release/work/rtl_sim/simv.daidir/kdb.elab++/work.lib++/icache_top.sv.tdc)
	size(9620) lastModTime(1729417131) curModTime(1729417131)
	mode(rb)	hot(5) cool(3) pos(0)
fid(3): fd(1073741825) fileName(/data/usr/xuemy/try/cache_v1/icache_v1_1008_release/work/rtl_sim/simv.daidir/kdb.elab++/work.lib++/icache_top_tb.sv.tdc)
	size(17329) lastModTime(1729417131) curModTime(1729417131)
	mode(rb)	hot(4) cool(2) pos(0)
fid(2): fd(24) fileName(/data/usr/xuemy/try/cache_v1/icache_v1_1008_release/work/rtl_sim/verdiLog/_swap_0001#8323329#1710349)
	size(0) lastModTime(0) curModTime(1729429636)
	mode(w+b)	hot(3) cool(1) pos(0)
fid(1): fd(1073741824) fileName(/data/usr/xuemy/try/cache_v1/icache_v1_1008_release/work/rtl_sim/simv.daidir/kdb.elab++/work.lib++/fix_priority_arb.sv.tdc)
	size(2388) lastModTime(1729417131) curModTime(1729417131)
	mode(rb)	hot(2) cool(0) pos(0)
fid(0): fd(0) fileName(NULL)
	mode(NULL)	hot(0) cool(0) pos(0)
==================================================
mySelf(0x1930a920) pre(0x181aa3d0) next((nil))
version(200506)
date(Apr 25 2022 02:34:42)
